\BOOKMARK [0][-]{chapter*.1}{\376\377\000C\000o\000n\000t\000e\000n\000t\000s}{}% 1
\BOOKMARK [0][-]{chapter.1}{\376\377\000I\000n\000t\000r\000o\000d\000u\000c\000t\000i\000o\000n}{}% 2
\BOOKMARK [1][-]{section.1.1}{\376\377\000L\000e\000c\000t\000u\000r\000e\000\040\040\023\000\040\0008\000/\0002\0009\000/\0002\0000\0002\0004}{chapter.1}% 3
\BOOKMARK [2][-]{subsection.1.1.1}{\376\377\000M\000o\000t\000i\000v\000a\000t\000i\000n\000g\000\040\000E\000x\000a\000m\000p\000l\000e\000s}{section.1.1}% 4
\BOOKMARK [2][-]{subsection.1.1.2}{\376\377\000S\000t\000a\000n\000d\000a\000r\000d\000\040\000F\000o\000r\000m\000\040\000o\000f\000\040\000O\000p\000t\000i\000m\000i\000z\000a\000t\000i\000o\000n}{section.1.1}% 5
\BOOKMARK [0][-]{chapter.2}{\376\377\000S\000e\000c\000o\000n\000d\000\040\000W\000e\000e\000k\000\040\000W\000o\000e\000s}{}% 6
\BOOKMARK [1][-]{section.2.1}{\376\377\000L\000e\000c\000t\000u\000r\000e\000\040\040\023\000\040\0009\000/\0003\000/\0002\0000\0002\0004}{chapter.2}% 7
\BOOKMARK [2][-]{subsection.2.1.1}{\376\377\000R\000e\000v\000i\000e\000w}{section.2.1}% 8
\BOOKMARK [2][-]{subsection.2.1.2}{\376\377\000C\000a\000t\000e\000g\000o\000r\000i\000e\000s\000\040\000o\000f\000\040\000O\000p\000t\000i\000m\000i\000z\000a\000t\000i\000o\000n\000\040\000P\000r\000o\000b\000l\000e\000m\000s}{section.2.1}% 9
\BOOKMARK [2][-]{subsection.2.1.3}{\376\377\000L\000i\000n\000e\000a\000r\000\040\000A\000l\000\040\000J\000a\000b\000r}{section.2.1}% 10
\BOOKMARK [1][-]{section.2.2}{\376\377\000L\000e\000c\000t\000u\000r\000e\000\040\040\023\000\040\0009\000/\0005\000/\0002\0000\0002\0004}{chapter.2}% 11
\BOOKMARK [2][-]{subsection.2.2.1}{\376\377\000R\000e\000v\000i\000e\000w}{section.2.2}% 12
\BOOKMARK [1][-]{section.2.3}{\376\377\000D\000i\000s\000c\000u\000s\000s\000i\000o\000n\000\040\040\023\000\040\0009\000/\0006\000/\0002\0000\0002\0004}{chapter.2}% 13
\BOOKMARK [2][-]{subsection.2.3.1}{\376\377\000P\000r\000o\000b\000l\000e\000m\000\040\0001}{section.2.3}% 14
\BOOKMARK [2][-]{subsection.2.3.2}{\376\377\000P\000r\000o\000b\000l\000e\000m\000\040\0002}{section.2.3}% 15
\BOOKMARK [2][-]{subsection.2.3.3}{\376\377\000P\000r\000o\000b\000l\000e\000m\000\040\0003}{section.2.3}% 16
\BOOKMARK [2][-]{subsection.2.3.4}{\376\377\000P\000r\000o\000b\000l\000e\000m\000\040\0004}{section.2.3}% 17
\BOOKMARK [0][-]{chapter.3}{\376\377\000T\000h\000i\000r\000d\000\040\000W\000e\000e\000k}{}% 18
\BOOKMARK [1][-]{section.3.1}{\376\377\000L\000e\000c\000t\000u\000r\000e\000\040\040\023\000\040\0009\000/\0001\0000\000/\0002\0000\0002\0004}{chapter.3}% 19
\BOOKMARK [2][-]{subsection.3.1.1}{\376\377\000P\000r\000o\000j\000e\000c\000t\000i\000o\000n\000\040\000R\000e\000v\000i\000e\000w}{section.3.1}% 20
\BOOKMARK [2][-]{subsection.3.1.2}{\376\377\000H\000y\000p\000e\000r\000p\000l\000a\000n\000e\000s\000\040\000a\000n\000d\000\040\000H\000a\000l\000f\000-\000S\000p\000a\000c\000e\000s}{section.3.1}% 21
\BOOKMARK [3][-]{section*.2}{\376\377\000H\000y\000p\000e\000r\000p\000l\000a\000n\000e\000s}{subsection.3.1.2}% 22
\BOOKMARK [3][-]{hw.3.1}{\376\377\000H\000a\000l\000f\000-\000S\000p\000a\000c\000e\000s}{subsection.3.1.2}% 23
\BOOKMARK [2][-]{subsection.3.1.3}{\376\377\000U\000n\000c\000o\000n\000s\000t\000r\000a\000i\000n\000e\000d\000\040\000O\000p\000t\000i\000m\000i\000z\000a\000t\000i\000o\000n}{section.3.1}% 24
\BOOKMARK [3][-]{section*.3}{\376\377\000G\000r\000a\000d\000i\000e\000n\000t}{subsection.3.1.3}% 25
\BOOKMARK [3][-]{example.3.8}{\376\377\000T\000y\000p\000e\000s\000\040\000o\000f\000\040\000F\000u\000n\000c\000t\000i\000o\000n\000s}{subsection.3.1.3}% 26
\BOOKMARK [3][-]{prop.3.13}{\376\377\000C\000h\000a\000i\000n\000\040\000R\000u\000l\000e\000\040\000f\000o\000r\000\040\000G\000r\000a\000d\000i\000e\000n\000t}{subsection.3.1.3}% 27
\BOOKMARK [3][-]{example.3.15}{\376\377\000T\000a\000y\000l\000o\000r\000\040\000S\000e\000r\000i\000e\000s}{subsection.3.1.3}% 28
\BOOKMARK [3][-]{thm.3.16}{\376\377\000L\000e\000a\000s\000t\000-\000S\000q\000u\000a\000r\000e\000s}{subsection.3.1.3}% 29
\BOOKMARK [1][-]{section.3.2}{\376\377\000L\000e\000c\000t\000u\000r\000e\000\040\040\023\000\040\0009\000/\0001\0002\000/\0002\0000\0002\0004}{chapter.3}% 30
\BOOKMARK [2][-]{subsection.3.2.1}{\376\377\000E\000x\000a\000m\000p\000l\000e\000s}{section.3.2}% 31
\BOOKMARK [2][-]{subsection.3.2.2}{\376\377\000R\000a\000n\000k\000\040\000a\000n\000d\000\040\000N\000u\000l\000l\000\040\000S\000p\000a\000c\000e}{section.3.2}% 32
\BOOKMARK [0][-]{chapter.4}{\376\377\000W\000e\000e\000k\000\040\000F\000o\000r\000\040\000S\000u\000f\000f\000e\000r\000i\000n\000g}{}% 33
\BOOKMARK [1][-]{section.4.1}{\376\377\000D\000i\000s\000c\000u\000s\000s\000i\000o\000n\000\040\040\023\000\040\0009\000/\0001\0006\000/\0002\0000\0002\0004}{chapter.4}% 34
\BOOKMARK [1][-]{section.4.2}{\376\377\000L\000e\000c\000t\000u\000r\000e\000\040\040\023\000\040\0009\000/\0001\0007\000/\0002\0000\0002\0004}{chapter.4}% 35
\BOOKMARK [2][-]{subsection.4.2.1}{\376\377\000L\000e\000a\000s\000t\000\040\000S\000q\000u\000a\000r\000e\000s\000,\000\040\000a\000n\000d\000\040\000L\000i\000n\000e\000a\000r\000\040\000R\000e\000g\000r\000e\000s\000s\000i\000o\000n}{section.4.2}% 36
\BOOKMARK [2][-]{subsection.4.2.2}{\376\377\000N\000o\000n\000-\000L\000i\000n\000e\000a\000r\000\040\000R\000e\000g\000r\000e\000s\000s\000i\000o\000n}{section.4.2}% 37
\BOOKMARK [2][-]{subsection.4.2.3}{\376\377\000W\000h\000y\000\040\000t\000h\000e\000\040\000L\0002\000\040\000N\000o\000r\000m\000?}{section.4.2}% 38
\BOOKMARK [3][-]{thm.4.5}{\376\377\000A\000\040\000S\000e\000c\000o\000n\000d\000\040\000A\000p\000p\000r\000o\000a\000c\000h}{subsection.4.2.3}% 39
\BOOKMARK [2][-]{subsection.4.2.4}{\376\377\000S\000e\000t\000\040\000o\000f\000\040\000S\000o\000l\000u\000t\000i\000o\000n\000s}{section.4.2}% 40
\BOOKMARK [3][-]{section*.4}{\376\377\000E\000i\000g\000e\000n\000v\000a\000l\000u\000e\000s\000,\000\040\000S\000i\000n\000g\000u\000l\000a\000r\000\040\000V\000a\000l\000u\000e\000s\000,\000\040\000a\000n\000d\000\040\000D\000e\000t\000e\000r\000m\000i\000n\000a\000n\000t\000s}{subsection.4.2.4}% 41
