\BOOKMARK [0][-]{chapter*.1}{\376\377\000C\000o\000n\000t\000e\000n\000t\000s}{}% 1
\BOOKMARK [0][-]{chapter.1}{\376\377\000A\000n\000\040\000I\000n\000t\000r\000o\000d\000u\000c\000t\000i\000o\000n}{}% 2
\BOOKMARK [1][-]{section.1.1}{\376\377\000L\000e\000c\000t\000u\000r\000e\000\040\040\023\000\040\0008\000/\0002\0009\000/\0002\0000\0002\0004}{chapter.1}% 3
\BOOKMARK [2][-]{subsection.1.1.1}{\376\377\000C\000o\000u\000r\000s\000e\000\040\000I\000n\000f\000o\000r\000m\000a\000t\000i\000o\000n}{section.1.1}% 4
\BOOKMARK [2][-]{subsection.1.1.2}{\376\377\000B\000a\000s\000i\000c\000s}{section.1.1}% 5
\BOOKMARK [3][-]{defn.1.1}{\376\377\000V\000o\000n\000\040\000N\000e\000u\000m\000a\000n\000n\000\040\000A\000r\000c\000h\000i\000t\000e\000c\000t\000u\000r\000e}{subsection.1.1.2}% 6
\BOOKMARK [3][-]{defn.1.1}{\376\377\000P\000r\000o\000c\000e\000s\000s\000e\000s}{subsection.1.1.2}% 7
\BOOKMARK [0][-]{chapter.2}{\376\377\000S\000e\000c\000o\000n\000d\000\040\000W\000e\000e\000k\000\040\000W\000o\000e\000s}{}% 8
\BOOKMARK [1][-]{section.2.1}{\376\377\000L\000e\000c\000t\000u\000r\000e\000\040\040\023\000\040\0009\000/\0003\000/\0002\0000\0002\0004}{chapter.2}% 9
\BOOKMARK [2][-]{subsection.2.1.1}{\376\377\000R\000e\000v\000i\000e\000w}{section.2.1}% 10
\BOOKMARK [2][-]{subsection.2.1.2}{\376\377\000T\000h\000e\000\040\000F\000o\000u\000r\000\040\000A\000b\000s\000t\000r\000a\000c\000t\000i\000o\000n\000s}{section.2.1}% 11
\BOOKMARK [3][-]{section*.2}{\376\377\0006\0001\000C\000\040\000R\000e\000v\000i\000e\000w}{subsection.2.1.2}% 12
\BOOKMARK [2][-]{subsection.2.1.3}{\376\377\000T\000h\000r\000e\000a\000d}{section.2.1}% 13
\BOOKMARK [3][-]{defn.2.2}{\376\377\000T\000h\000e\000\040\000I\000l\000l\000u\000s\000i\000o\000n\000\040\000o\000f\000\040\000M\000u\000l\000t\000i\000p\000l\000e\000\040\000P\000r\000o\000c\000e\000s\000s\000o\000r\000s}{subsection.2.1.3}% 14
\BOOKMARK [2][-]{subsection.2.1.4}{\376\377\000A\000d\000d\000r\000e\000s\000s\000\040\000S\000p\000a\000c\000e}{section.2.1}% 15
\BOOKMARK [3][-]{example.2.4}{\376\377\000S\000i\000m\000p\000l\000e\000\040\000P\000r\000o\000t\000e\000c\000t\000i\000o\000n\000:\000\040\000B\000a\000s\000e\000\040\000a\000n\000d\000\040\000B\000o\000u\000n\000d}{subsection.2.1.4}% 16
\BOOKMARK [3][-]{example.2.4}{\376\377\000R\000e\000l\000o\000c\000a\000t\000i\000o\000n}{subsection.2.1.4}% 17
\BOOKMARK [3][-]{example.2.4}{\376\377\000P\000a\000g\000e\000d\000\040\000V\000i\000r\000t\000u\000a\000l\000\040\000A\000d\000d\000r\000e\000s\000s\000\040\000S\000p\000a\000c\000e}{subsection.2.1.4}% 18
\BOOKMARK [2][-]{subsection.2.1.5}{\376\377\000P\000r\000o\000c\000e\000s\000s}{section.2.1}% 19
\BOOKMARK [3][-]{defn.2.5}{\376\377\000S\000i\000n\000g\000l\000e\000\040\000v\000e\000r\000s\000u\000s\000\040\000M\000u\000l\000t\000i\000-\000t\000h\000r\000e\000a\000d\000e\000d}{subsection.2.1.5}% 20
\BOOKMARK [2][-]{subsection.2.1.6}{\376\377\000D\000u\000a\000l\000\040\000M\000o\000d\000e\000\040\000O\000p\000e\000r\000a\000t\000i\000o\000n}{section.2.1}% 21
\BOOKMARK [3][-]{section*.3}{\376\377\000T\000y\000p\000e\000s\000\040\000o\000f\000\040\000T\000r\000a\000n\000s\000f\000e\000r\000s}{subsection.2.1.6}% 22
\BOOKMARK [3][-]{section*.3}{\376\377\000P\000r\000o\000c\000e\000s\000s\000\040\000C\000o\000n\000t\000r\000o\000l\000\040\000B\000l\000o\000c\000k}{subsection.2.1.6}% 23
\BOOKMARK [1][-]{section.2.2}{\376\377\000D\000i\000s\000c\000u\000s\000s\000i\000o\000n\000\040\000-\000\040\0009\000/\0004\000/\0002\0000\0002\0004}{chapter.2}% 24
\BOOKMARK [2][-]{subsection.2.2.1}{\376\377\000C\000\040\000R\000e\000v\000i\000e\000w}{section.2.2}% 25
\BOOKMARK [3][-]{section*.4}{\376\377\000T\000y\000p\000e\000s}{subsection.2.2.1}% 26
\BOOKMARK [3][-]{section*.4}{\376\377\000M\000e\000m\000o\000r\000y}{subsection.2.2.1}% 27
\BOOKMARK [3][-]{section*.4}{\376\377\000C\000\040\000C\000o\000n\000c\000e\000p\000t\000\040\000C\000h\000e\000c\000k}{subsection.2.2.1}% 28
\BOOKMARK [3][-]{Item.4}{\376\377\000H\000e\000a\000d\000e\000r\000s}{subsection.2.2.1}% 29
\BOOKMARK [2][-]{subsection.2.2.2}{\376\377\000x\0008\0006}{section.2.2}% 30
\BOOKMARK [3][-]{section*.5}{\376\377\000R\000e\000g\000i\000s\000t\000e\000r\000s}{subsection.2.2.2}% 31
\BOOKMARK [3][-]{section*.5}{\376\377\000A\000T\000\046\000T\000\040\000S\000y\000n\000t\000a\000x}{subsection.2.2.2}% 32
\BOOKMARK [3][-]{section*.5}{\376\377\000C\000a\000l\000l\000i\000n\000g\000\040\000C\000o\000n\000v\000e\000n\000t\000i\000o\000n}{subsection.2.2.2}% 33
\BOOKMARK [1][-]{section.2.3}{\376\377\000L\000e\000c\000t\000u\000r\000e\000\040\040\023\000\040\0009\000/\0005\000/\0002\0000\0002\0004}{chapter.2}% 34
\BOOKMARK [2][-]{subsection.2.3.1}{\376\377\000R\000e\000c\000a\000p}{section.2.3}% 35
\BOOKMARK [3][-]{figure.2.1}{\376\377\000R\000u\000n\000n\000i\000n\000g\000\040\000M\000u\000l\000t\000i\000p\000l\000e\000\040\000P\000r\000o\000g\000r\000a\000m\000s}{subsection.2.3.1}% 36
\BOOKMARK [3][-]{figure.2.1}{\376\377\000M\000u\000l\000t\000i\000p\000l\000e\000x\000i\000n\000g\000\040\000P\000r\000o\000c\000e\000s\000s\000e\000s\000:\000\040\000T\000h\000e\000\040\000P\000C\000B}{subsection.2.3.1}% 37
\BOOKMARK [3][-]{figure.2.1}{\376\377\000S\000c\000h\000e\000d\000u\000l\000e\000r}{subsection.2.3.1}% 38
\BOOKMARK [3][-]{defn.2.6}{\376\377\000H\000y\000p\000e\000r\000t\000h\000r\000e\000a\000d\000i\000n\000g}{subsection.2.3.1}% 39
\BOOKMARK [2][-]{subsection.2.3.2}{\376\377\000T\000h\000r\000e\000a\000d\000s}{section.2.3}% 40
\BOOKMARK [3][-]{section*.6}{\376\377\000S\000o\000m\000e\000\040\000D\000e\000f\000i\000n\000i\000t\000i\000o\000n\000s}{subsection.2.3.2}% 41
\BOOKMARK [2][-]{subsection.2.3.3}{\376\377\000T\000h\000r\000e\000a\000d\000s\000\040\000M\000a\000s\000k\000\040\000I\000/\000O\000\040\000L\000a\000t\000e\000n\000c\000y}{section.2.3}% 42
\BOOKMARK [2][-]{subsection.2.3.4}{\376\377\000M\000u\000l\000t\000i\000-\000t\000h\000r\000e\000a\000d\000e\000d\000\040\000P\000r\000o\000g\000r\000a\000m\000s}{section.2.3}% 43
\BOOKMARK [2][-]{subsection.2.3.5}{\376\377\000O\000S\000\040\000L\000i\000b\000r\000a\000r\000y\000\040\000A\000P\000I\000\040\000f\000o\000r\000\040\000T\000h\000r\000e\000a\000d\000s\000:\000\040\000p\000t\000h\000r\000e\000a\000d\000s}{section.2.3}% 44
\BOOKMARK [2][-]{subsection.2.3.6}{\376\377\000T\000h\000r\000e\000a\000d\000\040\000S\000t\000a\000t\000e}{section.2.3}% 45
\BOOKMARK [2][-]{subsection.2.3.7}{\376\377\000M\000e\000m\000o\000r\000y\000\040\000L\000a\000y\000o\000u\000t\000\040\000w\000i\000t\000h\000\040\000T\000w\000o\000\040\000T\000h\000r\000e\000a\000d\000s}{section.2.3}% 46
\BOOKMARK [2][-]{subsection.2.3.8}{\376\377\000I\000n\000t\000e\000r\000l\000e\000a\000v\000i\000n\000g\000\040\000a\000n\000d\000\040\000N\000o\000n\000-\000D\000e\000t\000e\000r\000m\000i\000n\000i\000s\000m}{section.2.3}% 47
\BOOKMARK [2][-]{subsection.2.3.9}{\376\377\000S\000o\000l\000u\000t\000i\000o\000n}{section.2.3}% 48
\BOOKMARK [3][-]{defn.2.11}{\376\377\000L\000o\000c\000k}{subsection.2.3.9}% 49
\BOOKMARK [3][-]{defn.2.11}{\376\377\000I\000s\000s\000u\000e\000s\000\040\000w\000i\000t\000h\000\040\000L\000o\000c\000k}{subsection.2.3.9}% 50
\BOOKMARK [3][-]{defn.2.11}{\376\377\000p\000t\000h\000r\000e\000a\000d\000s\000\040\000L\000o\000c\000k}{subsection.2.3.9}% 51
\BOOKMARK [2][-]{subsection.2.3.10}{\376\377\000C\000o\000n\000c\000l\000u\000s\000i\000o\000n}{section.2.3}% 52
\BOOKMARK [0][-]{chapter.3}{\376\377\000T\000h\000i\000r\000d\000\040\000W\000e\000e\000k}{}% 53
\BOOKMARK [1][-]{section.3.1}{\376\377\000L\000e\000c\000t\000u\000r\000e\000\040\040\023\000\040\0009\000/\0001\0000\000/\0002\0000\0002\0004}{chapter.3}% 54
\BOOKMARK [2][-]{subsection.3.1.1}{\376\377\000H\000a\000n\000d\000l\000i\000n\000g\000\040\000T\000h\000i\000n\000g\000s\000\040\000S\000a\000f\000e\000l\000y}{section.3.1}% 55
\BOOKMARK [3][-]{section*.7}{\376\377\000I\000n\000t\000e\000r\000r\000u\000p\000t\000s}{subsection.3.1.1}% 56
\BOOKMARK [3][-]{section*.7}{\376\377\000I\000n\000t\000e\000r\000r\000u\000p\000t\000\040\000C\000o\000n\000t\000r\000o\000l\000l\000e\000r}{subsection.3.1.1}% 57
\BOOKMARK [2][-]{subsection.3.1.2}{\376\377\000S\000e\000p\000a\000r\000a\000t\000e\000\040\000S\000t\000a\000c\000k\000s}{section.3.1}% 58
\BOOKMARK [2][-]{subsection.3.1.3}{\376\377\000M\000a\000n\000a\000g\000i\000n\000g\000\040\000P\000r\000o\000c\000e\000s\000s\000e\000s}{section.3.1}% 59
\BOOKMARK [3][-]{section*.8}{\376\377\000B\000o\000o\000t\000s\000t\000r\000a\000p\000p\000i\000n\000g}{subsection.3.1.3}% 60
\BOOKMARK [3][-]{section*.8}{\376\377\000P\000r\000o\000c\000e\000s\000s\000\040\000M\000a\000n\000a\000g\000e\000m\000e\000n\000t\000\040\000A\000P\000I}{subsection.3.1.3}% 61
\BOOKMARK [3][-]{section*.8}{\376\377\000C\000r\000e\000a\000t\000i\000n\000g\000\040\000P\000r\000o\000c\000e\000s\000s\000e\000s}{subsection.3.1.3}% 62
\BOOKMARK [3][-]{figure.3.1}{\376\377\000V\000a\000r\000i\000a\000n\000t\000s\000\040\000o\000f\000\040\000e\000x\000e\000c}{subsection.3.1.3}% 63
\BOOKMARK [3][-]{figure.3.1}{\376\377\000W\000a\000i\000t\000i\000n\000g}{subsection.3.1.3}% 64
\BOOKMARK [3][-]{figure.3.1}{\376\377\000S\000i\000g\000n\000a\000l\000s}{subsection.3.1.3}% 65
\BOOKMARK [2][-]{subsection.3.1.4}{\376\377\000F\000i\000l\000e\000s}{section.3.1}% 66
\BOOKMARK [3][-]{section*.9}{\376\377\000T\000h\000e\000\040\000A\000b\000s\000t\000r\000a\000c\000t\000i\000o\000n}{subsection.3.1.4}% 67
\BOOKMARK [3][-]{section*.9}{\376\377\000T\000h\000e\000\040\000C\000o\000n\000n\000e\000c\000t\000i\000o\000n\000\040\000b\000e\000t\000w\000e\000e\000n\000\040\000P\000r\000o\000c\000e\000s\000s\000e\000s\000,\000\040\000F\000i\000l\000e\000\040\000S\000y\000s\000t\000e\000m\000s\000,\000\040\000a\000n\000d\000\040\000U\000s\000e\000r\000s}{subsection.3.1.4}% 68
\BOOKMARK [3][-]{section*.9}{\376\377\000S\000t\000r\000e\000a\000m\000s}{subsection.3.1.4}% 69
\BOOKMARK [1][-]{section.3.2}{\376\377\000D\000i\000s\000c\000u\000s\000s\000i\000o\000n\000\040\040\023\000\040\0009\000/\0001\0001\000/\0002\0000\0002\0004}{chapter.3}% 70
\BOOKMARK [2][-]{subsection.3.2.1}{\376\377\000F\000u\000n\000d\000a\000m\000e\000n\000t\000a\000l\000s}{section.3.2}% 71
\BOOKMARK [3][-]{section*.10}{\376\377\000O\000p\000e\000r\000a\000t\000i\000n\000g\000\040\000S\000y\000s\000t\000e\000m}{subsection.3.2.1}% 72
\BOOKMARK [3][-]{section*.10}{\376\377\000A\000d\000d\000r\000e\000s\000s\000\040\000S\000p\000a\000c\000e}{subsection.3.2.1}% 73
\BOOKMARK [3][-]{section*.10}{\376\377\000D\000u\000a\000l\000\040\000M\000o\000d\000e\000\040\000O\000p\000e\000r\000a\000t\000i\000o\000n}{subsection.3.2.1}% 74
\BOOKMARK [2][-]{subsection.3.2.2}{\376\377\000C\000o\000n\000c\000e\000p\000t\000\040\000C\000h\000e\000c\000k}{section.3.2}% 75
\BOOKMARK [2][-]{subsection.3.2.3}{\376\377\000P\000r\000o\000c\000e\000s\000s\000e\000s}{section.3.2}% 76
\BOOKMARK [3][-]{section*.11}{\376\377\000P\000C\000B}{subsection.3.2.3}% 77
\BOOKMARK [3][-]{rmk.3.2}{\376\377\000S\000y\000s\000c\000a\000l\000l}{subsection.3.2.3}% 78
\BOOKMARK [3][-]{rmk.3.3}{\376\377\000S\000i\000g\000n\000a\000l\000\040\000H\000a\000n\000d\000l\000i\000n\000g}{subsection.3.2.3}% 79
\BOOKMARK [2][-]{subsection.3.2.4}{\376\377\000P\000i\000n\000t\000o\000s\000\040\000L\000i\000s\000t\000s}{section.3.2}% 80
\BOOKMARK [1][-]{section.3.3}{\376\377\000L\000e\000c\000t\000u\000r\000e\000\040\040\023\000\040\0009\000/\0001\0002\000/\0002\0000\0002\0004}{chapter.3}% 81
\BOOKMARK [2][-]{subsection.3.3.1}{\376\377\000L\000o\000w\000-\000L\000e\000v\000e\000l\000\040\000v\000s\000\040\000H\000i\000g\000h\000-\000L\000e\000v\000e\000l\000\040\000F\000i\000l\000e\000\040\000A\000P\000I}{section.3.3}% 82
\BOOKMARK [2][-]{subsection.3.3.2}{\376\377\000F\000i\000l\000e\000s}{section.3.3}% 83
\BOOKMARK [2][-]{subsection.3.3.3}{\376\377\000D\000e\000v\000i\000c\000e\000\040\000D\000r\000i\000v\000e\000r}{section.3.3}% 84
\BOOKMARK [0][-]{chapter.4}{\376\377\000W\000e\000e\000k\000\040\000F\000o\000r\000\040\000S\000u\000f\000f\000e\000r\000i\000n\000g}{}% 85
\BOOKMARK [1][-]{section.4.1}{\376\377\000D\000i\000s\000c\000u\000s\000s\000i\000o\000n\000\040\040\023\000\040\0009\000/\0001\0007\000/\0002\0000\0002\0004}{chapter.4}% 86
\BOOKMARK [2][-]{subsection.4.1.1}{\376\377\000P\000r\000o\000j\000e\000c\000t\000\040\000T\000i\000m\000e\000l\000i\000n\000e}{section.4.1}% 87
\BOOKMARK [2][-]{subsection.4.1.2}{\376\377\000T\000h\000r\000e\000a\000d\000s}{section.4.1}% 88
\BOOKMARK [2][-]{subsection.4.1.3}{\376\377\000S\000y\000s\000c\000a\000l\000l}{section.4.1}% 89
\BOOKMARK [2][-]{subsection.4.1.4}{\376\377\000I\000/\000O}{section.4.1}% 90
\BOOKMARK [3][-]{section*.12}{\376\377\000L\000o\000w\000-\000L\000e\000v\000e\000l\000\040\000A\000P\000I}{subsection.4.1.4}% 91
\BOOKMARK [3][-]{section*.12}{\376\377\000H\000i\000g\000h\000-\000L\000e\000v\000e\000l\000\040\000A\000P\000I}{subsection.4.1.4}% 92
\BOOKMARK [2][-]{subsection.4.1.5}{\376\377\000d\000u\000p\000\040\000a\000n\000d\000\040\000d\000u\000p\0002}{section.4.1}% 93
\BOOKMARK [1][-]{section.4.2}{\376\377\000L\000e\000c\000t\000u\000r\000e\000\040\040\023\000\040\0009\000/\0001\0009\000/\0002\0000\0002\0004}{chapter.4}% 94
\BOOKMARK [2][-]{subsection.4.2.1}{\376\377\000R\000u\000n\000n\000i\000n\000g\000\040\000a\000\040\000T\000h\000r\000e\000a\000d}{section.4.2}% 95
\BOOKMARK [2][-]{subsection.4.2.2}{\376\377\000I\000n\000t\000e\000r\000n\000a\000l\000\040\000E\000v\000e\000n\000t\000s}{section.4.2}% 96
\BOOKMARK [2][-]{subsection.4.2.3}{\376\377\000S\000t\000a\000c\000k\000\040\000f\000o\000r\000\040\000Y\000i\000e\000l\000d\000i\000n\000g\000\040\000T\000h\000r\000e\000a\000d}{section.4.2}% 97
\BOOKMARK [2][-]{subsection.4.2.4}{\376\377\000C\000o\000n\000t\000e\000x\000t\000\040\000S\000w\000i\000t\000c\000h\000i\000n\000g}{section.4.2}% 98
\BOOKMARK [3][-]{rmk.4.3}{\376\377\000C\000o\000s\000t\000\040\000o\000f\000\040\000C\000o\000n\000t\000e\000x\000t\000\040\000S\000w\000i\000t\000c\000h\000i\000n\000g}{subsection.4.2.4}% 99
\BOOKMARK [2][-]{subsection.4.2.5}{\376\377\000E\000x\000t\000e\000r\000n\000a\000l\000\040\000E\000v\000e\000n\000t\000s}{section.4.2}% 100
\BOOKMARK [3][-]{section*.13}{\376\377\000I\000n\000t\000e\000r\000r\000u\000p\000t\000\040\000C\000o\000n\000t\000r\000o\000l\000l\000e\000r}{subsection.4.2.5}% 101
\BOOKMARK [2][-]{subsection.4.2.6}{\376\377\000T\000h\000r\000e\000a\000d\000s}{section.4.2}% 102
\BOOKMARK [3][-]{section*.14}{\376\377\000I\000n\000i\000t\000i\000a\000l\000i\000z\000a\000t\000i\000o\000n}{subsection.4.2.6}% 103
\BOOKMARK [2][-]{subsection.4.2.7}{\376\377\000C\000o\000n\000c\000u\000r\000r\000e\000n\000c\000y\000\040\000a\000n\000d\000\040\000P\000a\000r\000a\000l\000l\000e\000l\000i\000s\000m}{section.4.2}% 104
\BOOKMARK [3][-]{section*.15}{\376\377\000B\000a\000n\000k\000\040\000E\000x\000a\000m\000p\000l\000e}{subsection.4.2.7}% 105
\BOOKMARK [3][-]{section*.15}{\376\377\000A\000t\000o\000m\000i\000c\000\040\000O\000p\000e\000r\000a\000t\000i\000o\000n\000s}{subsection.4.2.7}% 106
\BOOKMARK [2][-]{subsection.4.2.8}{\376\377\000L\000o\000c\000k\000s}{section.4.2}% 107
\BOOKMARK [2][-]{subsection.4.2.9}{\376\377\000C\000o\000n\000c\000l\000u\000s\000i\000o\000n}{section.4.2}% 108
\BOOKMARK [0][-]{chapter.5}{\376\377\000W\000e\000e\000k\000\040\000F\000i\000v\000e}{}% 109
\BOOKMARK [1][-]{section.5.1}{\376\377\000D\000i\000s\000c\000u\000s\000s\000i\000o\000n\000\040\040\023\000\040\0009\000/\0002\0004\000/\0002\0000\0002\0004}{chapter.5}% 110
\BOOKMARK [2][-]{subsection.5.1.1}{\376\377\000M\000u\000t\000u\000a\000l\000\040\000E\000x\000c\000l\000u\000s\000i\000o\000n}{section.5.1}% 111
\BOOKMARK [3][-]{section*.16}{\376\377\000L\000o\000c\000k\000s}{subsection.5.1.1}% 112
\BOOKMARK [3][-]{section*.16}{\376\377\000S\000e\000m\000a\000p\000h\000o\000r\000e}{subsection.5.1.1}% 113
