\BOOKMARK [0][-]{chapter*.1}{\376\377\000C\000o\000n\000t\000e\000n\000t\000s}{}% 1
\BOOKMARK [0][-]{chapter.1}{\376\377\000I\000n\000t\000r\000o\000d\000u\000c\000t\000i\000o\000n}{}% 2
\BOOKMARK [1][-]{section.1.1}{\376\377\000L\000e\000c\000t\000u\000r\000e\000\040\000-\000\040\0008\000/\0002\0004\000/\0002\0000\0002\0003}{chapter.1}% 3
\BOOKMARK [2][-]{subsection.1.1.1}{\376\377\000C\000o\000m\000p\000l\000e\000x\000\040\000N\000u\000m\000b\000e\000r\000s}{section.1.1}% 4
\BOOKMARK [2][-]{subsection.1.1.2}{\376\377\000A\000d\000d\000i\000t\000i\000o\000n\000\040\000o\000f\000\040\000C\000o\000m\000p\000l\000e\000x\000\040\000N\000u\000m\000b\000e\000r\000s}{section.1.1}% 5
\BOOKMARK [2][-]{subsection.1.1.3}{\376\377\000M\000u\000l\000t\000i\000p\000l\000i\000c\000a\000t\000i\000o\000n\000\040\000o\000f\000\040\000C\000o\000m\000p\000l\000e\000x\000\040\000N\000u\000m\000b\000e\000r\000s}{section.1.1}% 6
\BOOKMARK [2][-]{subsection.1.1.4}{\376\377\000C\000o\000m\000p\000l\000e\000x\000\040\000N\000u\000m\000b\000e\000r\000s\000,\000\040\000P\000o\000l\000a\000r\000\040\000F\000o\000r\000m\000,\000\040\000a\000n\000d\000\040\000E\000x\000p\000o\000n\000e\000n\000t\000i\000a\000l\000s}{section.1.1}% 7
\BOOKMARK [1][-]{section.1.2}{\376\377\000D\000i\000s\000c\000u\000s\000s\000i\000o\000n\000\040\000-\000\040\0008\000/\0002\0005\000/\0002\0000\0002\0003}{chapter.1}% 8
\BOOKMARK [0][-]{chapter.2}{\376\377\000V\000e\000c\000t\000o\000r\000\040\000S\000p\000a\000c\000e\000s}{}% 9
\BOOKMARK [1][-]{section.2.1}{\376\377\000L\000e\000c\000t\000u\000r\000e\000\040\000-\000\040\0008\000/\0002\0009\000/\0002\0000\0002\0003}{chapter.2}% 10
\BOOKMARK [2][-]{subsection.2.1.1}{\376\377\000F\000i\000e\000l\000d\000s}{section.2.1}% 11
\BOOKMARK [2][-]{subsection.2.1.2}{\376\377\000V\000e\000c\000t\000o\000r\000\040\000S\000p\000a\000c\000e\000s}{section.2.1}% 12
\BOOKMARK [1][-]{section.2.2}{\376\377\000L\000e\000c\000t\000u\000r\000e\000\040\000-\000\040\0008\000/\0003\0001\000/\0002\0000\0002\0003}{chapter.2}% 13
\BOOKMARK [2][-]{subsection.2.2.1}{\376\377\000S\000u\000b\000s\000p\000a\000c\000e\000s}{section.2.2}% 14
\BOOKMARK [0][-]{chapter.3}{\376\377\000D\000i\000r\000e\000c\000t\000\040\000S\000u\000m\000s\000\040\000a\000n\000d\000\040\000L\000i\000n\000e\000a\000r\000\040\000I\000n\000d\000e\000p\000e\000n\000d\000e\000n\000c\000e}{}% 15
\BOOKMARK [1][-]{section.3.1}{\376\377\000L\000e\000c\000t\000u\000r\000e\000\040\000-\000\040\0009\000/\0005\000/\0002\0000\0002\0003}{chapter.3}% 16
\BOOKMARK [2][-]{subsection.3.1.1}{\376\377\000R\000e\000c\000a\000p}{section.3.1}% 17
\BOOKMARK [2][-]{subsection.3.1.2}{\376\377\000D\000i\000r\000e\000c\000t\000\040\000S\000u\000m\000s}{section.3.1}% 18
\BOOKMARK [1][-]{section.3.2}{\376\377\000L\000e\000c\000t\000u\000r\000e\000\040\000-\000\040\0009\000/\0007\000/\0002\0000\0002\0003}{chapter.3}% 19
\BOOKMARK [2][-]{subsection.3.2.1}{\376\377\000R\000e\000c\000a\000p}{section.3.2}% 20
\BOOKMARK [2][-]{subsection.3.2.2}{\376\377\000E\000x\000t\000e\000n\000d\000i\000n\000g\000\040\000t\000o\000\040\000M\000u\000l\000t\000i\000p\000l\000e\000\040\000S\000u\000b\000s\000p\000a\000c\000e\000s}{section.3.2}% 21
\BOOKMARK [2][-]{subsection.3.2.3}{\376\377\000L\000i\000n\000e\000a\000r\000\040\000D\000e\000p\000e\000n\000d\000e\000n\000c\000e\000\040\000a\000n\000d\000\040\000I\000n\000d\000e\000p\000e\000n\000d\000e\000n\000c\000e}{section.3.2}% 22
\BOOKMARK [2][-]{subsection.3.2.4}{\376\377\000I\000n\000d\000e\000p\000e\000n\000d\000e\000n\000c\000e}{section.3.2}% 23
\BOOKMARK [1][-]{section.3.3}{\376\377\000D\000i\000s\000c\000u\000s\000s\000i\000o\000n\000\040\000-\000\040\0009\000/\0008\000/\0002\0000\0002\0003}{chapter.3}% 24
\BOOKMARK [0][-]{chapter.4}{\376\377\000I\000n\000d\000e\000p\000e\000n\000d\000e\000n\000c\000e\000\040\000a\000n\000d\000\040\000B\000a\000s\000e\000s}{}% 25
\BOOKMARK [1][-]{section.4.1}{\376\377\000L\000e\000c\000t\000u\000r\000e\000\040\000-\000\040\0009\000/\0001\0002\000/\0002\0000\0002\0003}{chapter.4}% 26
\BOOKMARK [2][-]{subsection.4.1.1}{\376\377\000R\000e\000m\000o\000v\000i\000n\000g\000\040\000I\000n\000d\000e\000p\000e\000n\000d\000e\000n\000t\000\040\000V\000e\000c\000t\000o\000r\000s}{section.4.1}% 27
\BOOKMARK [2][-]{subsection.4.1.2}{\376\377\000B\000a\000s\000i\000s}{section.4.1}% 28
\BOOKMARK [1][-]{section.4.2}{\376\377\000L\000e\000c\000t\000u\000r\000e\000\040\000-\000\040\0009\000/\0001\0004\000/\0002\0000\0002\0003}{chapter.4}% 29
\BOOKMARK [2][-]{subsection.4.2.1}{\376\377\000R\000e\000c\000a\000p}{section.4.2}% 30
\BOOKMARK [2][-]{subsection.4.2.2}{\376\377\000L\000i\000n\000e\000a\000r\000\040\000M\000a\000p\000s}{section.4.2}% 31
\BOOKMARK [1][-]{section.4.3}{\376\377\000D\000i\000s\000c\000u\000s\000s\000i\000o\000n\000\040\000-\000\040\0009\000/\0001\0005\000/\0002\0000\0002\0003}{chapter.4}% 32
\BOOKMARK [0][-]{chapter.5}{\376\377\000L\000i\000n\000e\000a\000r\000\040\000M\000a\000p\000s}{}% 33
\BOOKMARK [1][-]{section.5.1}{\376\377\000L\000e\000c\000t\000u\000r\000e\000\040\000-\000\040\0009\000/\0001\0009\000/\0002\0000\0002\0003}{chapter.5}% 34
\BOOKMARK [2][-]{subsection.5.1.1}{\376\377\000L\000i\000n\000e\000a\000r\000\040\000M\000a\000p\000s}{section.5.1}% 35
\BOOKMARK [1][-]{section.5.2}{\376\377\000L\000e\000c\000t\000u\000r\000e\000\040\000-\000\040\0009\000/\0002\0000\000/\0002\0000\0002\0003}{chapter.5}% 36
\BOOKMARK [2][-]{subsection.5.2.1}{\376\377\000T\000r\000u\000e\000\040\000o\000r\000\040\000F\000a\000l\000s\000e\000?}{section.5.2}% 37
\BOOKMARK [2][-]{subsection.5.2.2}{\376\377\000R\000a\000n\000g\000e}{section.5.2}% 38
\BOOKMARK [2][-]{subsection.5.2.3}{\376\377\000T\000h\000e\000\040\000F\000u\000n\000d\000a\000m\000e\000n\000t\000a\000l\000\040\000T\000h\000e\000o\000r\000e\000m\000\040\000o\000f\000\040\000L\000i\000n\000e\000a\000r\000\040\000M\000a\000p\000s}{section.5.2}% 39
\BOOKMARK [2][-]{subsection.5.2.4}{\376\377\000F\000i\000n\000i\000t\000e\000-\000D\000i\000m\000e\000n\000s\000i\000o\000n\000a\000l\000\040\000D\000o\000m\000a\000i\000n\000s}{section.5.2}% 40
\BOOKMARK [2][-]{subsection.5.2.5}{\376\377\000M\000a\000t\000r\000i\000c\000e\000s}{section.5.2}% 41
\BOOKMARK [1][-]{section.5.3}{\376\377\000D\000i\000s\000c\000u\000s\000s\000i\000o\000n\000\040\000-\000\040\0009\000/\0002\0002\000/\0002\0000\0002\0003}{chapter.5}% 42
\BOOKMARK [0][-]{chapter.6}{\376\377\000M\000a\000t\000r\000i\000x\000\040\000R\000e\000p\000r\000e\000s\000e\000n\000t\000a\000t\000i\000o\000n\000,\000\040\000I\000n\000v\000e\000r\000t\000i\000b\000i\000l\000i\000t\000y\000,\000\040\000a\000n\000d\000\040\000I\000s\000o\000m\000o\000r\000p\000h\000i\000s\000m\000s}{}% 43
\BOOKMARK [1][-]{section.6.1}{\376\377\000L\000e\000c\000t\000u\000r\000e\000\040\000-\000\040\0009\000/\0002\0006\000/\0002\0000\0002\0003}{chapter.6}% 44
\BOOKMARK [2][-]{subsection.6.1.1}{\376\377\000M\000a\000t\000r\000i\000x\000\040\000R\000e\000p\000r\000e\000s\000e\000n\000t\000a\000t\000i\000o\000n\000s}{section.6.1}% 45
\BOOKMARK [1][-]{section.6.2}{\376\377\000L\000e\000c\000t\000u\000r\000e\000\040\000-\000\040\0009\000/\0002\0008\000/\0002\0000\0002\0003}{chapter.6}% 46
\BOOKMARK [2][-]{subsection.6.2.1}{\376\377\000I\000n\000v\000e\000r\000t\000i\000b\000i\000l\000i\000t\000y}{section.6.2}% 47
\BOOKMARK [2][-]{subsection.6.2.2}{\376\377\000I\000s\000o\000m\000o\000r\000p\000h\000i\000s\000m\000s}{section.6.2}% 48
\BOOKMARK [2][-]{subsection.6.2.3}{\376\377\000D\000u\000a\000l\000i\000t\000y}{section.6.2}% 49
\BOOKMARK [1][-]{section.6.3}{\376\377\000D\000i\000s\000c\000u\000s\000s\000i\000o\000n\000\040\000-\000\040\0009\000/\0002\0009\000/\0002\0000\0002\0003}{chapter.6}% 50
\BOOKMARK [2][-]{subsection.6.3.1}{\376\377\000C\000o\000o\000r\000d\000i\000n\000a\000t\000e\000s}{section.6.3}% 51
\BOOKMARK [2][-]{subsection.6.3.2}{\376\377\000D\000e\000f\000i\000n\000i\000t\000i\000o\000n\000s\000\040\000o\000f\000\040\000M\000a\000t\000r\000i\000x}{section.6.3}% 52
\BOOKMARK [0][-]{chapter.7}{\376\377\000D\000u\000a\000l\000i\000t\000y}{}% 53
\BOOKMARK [1][-]{section.7.1}{\376\377\000L\000e\000c\000t\000u\000r\000e\000\040\000-\000\040\0001\0000\000/\0003\000/\0002\0000\0002\0003}{chapter.7}% 54
\BOOKMARK [1][-]{section.7.2}{\376\377\000L\000e\000c\000t\000u\000r\000e\000\040\000-\000\040\0001\0000\000/\0005\000/\0002\0000\0002\0003}{chapter.7}% 55
\BOOKMARK [2][-]{subsection.7.2.1}{\376\377\000D\000u\000a\000l\000\040\000M\000a\000p\000s}{section.7.2}% 56
\BOOKMARK [0][-]{chapter.8}{\376\377\000M\000i\000d\000t\000e\000r\000m\000\040\000P\000a\000i\000n}{}% 57
\BOOKMARK [1][-]{section.8.1}{\376\377\000L\000e\000c\000t\000u\000r\000e\000\040\000-\000\040\0001\0000\000/\0001\0002\000/\0002\0000\0002\0003}{chapter.8}% 58
\BOOKMARK [2][-]{subsection.8.1.1}{\376\377\000M\000a\000t\000r\000i\000x\000\040\000R\000e\000p\000r\000e\000s\000e\000n\000t\000a\000t\000i\000o\000n\000s\000\040\000v\0002}{section.8.1}% 59
\BOOKMARK [0][-]{chapter.9}{\376\377\000P\000o\000l\000y\000n\000o\000m\000i\000a\000l\000s}{}% 60
\BOOKMARK [1][-]{section.9.1}{\376\377\000L\000e\000c\000t\000u\000r\000e\000\040\000-\000\040\0001\0000\000/\0001\0007\000/\0002\0000\0002\0003}{chapter.9}% 61
\BOOKMARK [1][-]{section.9.2}{\376\377\000L\000e\000c\000t\000u\000r\000e\000\040\000-\000\040\0001\0000\000/\0001\0009\000/\0002\0000\0002\0003}{chapter.9}% 62
\BOOKMARK [2][-]{subsection.9.2.1}{\376\377\000E\000i\000g\000e\000n\000v\000a\000l\000u\000e\000s\000\040\000a\000n\000d\000\040\000E\000i\000g\000e\000n\000v\000e\000c\000t\000o\000r\000s}{section.9.2}% 63
\BOOKMARK [1][-]{section.9.3}{\376\377\000D\000i\000s\000c\000u\000s\000s\000i\000o\000n\000\040\000-\000\040\0001\0000\000/\0002\0000\000/\0002\0000\0002\0003}{chapter.9}% 64
\BOOKMARK [0][-]{chapter.10}{\376\377\000E\000i\000g\000e\000n\000w\000h\000a\000t\000e\000v\000e\000r\000t\000h\000e\000f\000u\000c\000k}{}% 65
\BOOKMARK [1][-]{section.10.1}{\376\377\000L\000e\000c\000t\000u\000r\000e\000\040\000-\000\040\0001\0000\000/\0002\0004\000/\0002\0000\0002\0003}{chapter.10}% 66
\BOOKMARK [2][-]{subsection.10.1.1}{\376\377\000R\000e\000c\000a\000p}{section.10.1}% 67
\BOOKMARK [2][-]{subsection.10.1.2}{\376\377\000A\000p\000p\000l\000y\000i\000n\000g\000\040\000P\000o\000l\000y\000n\000o\000m\000i\000a\000l\000s\000\040\000t\000o\000\040\000O\000p\000e\000r\000a\000t\000o\000r\000s}{section.10.1}% 68
\BOOKMARK [1][-]{section.10.2}{\376\377\000L\000e\000c\000t\000u\000r\000e\000\040\000-\000\040\0001\0000\000/\0002\0006\000/\0002\0000\0002\0003}{chapter.10}% 69
\BOOKMARK [2][-]{subsection.10.2.1}{\376\377\000M\000i\000n\000i\000m\000a\000l\000\040\000P\000o\000l\000y\000n\000o\000m\000i\000a\000l\000s}{section.10.2}% 70
\BOOKMARK [2][-]{subsection.10.2.2}{\376\377\000T\000r\000i\000a\000n\000g\000u\000l\000a\000r\000i\000s\000a\000b\000l\000e\000\040\000C\000a\000s\000e}{section.10.2}% 71
\BOOKMARK [1][-]{section.10.3}{\376\377\000D\000i\000s\000c\000u\000s\000s\000i\000o\000n\000\040\000-\000\040\0001\0000\000/\0002\0007\000/\0002\0000\0002\0003}{chapter.10}% 72
\BOOKMARK [0][-]{chapter.11}{\376\377\000D\000i\000a\000l\000g\000a\000n\000a\000l\000i\000s\000a\000t\000i\000o\000n}{}% 73
\BOOKMARK [1][-]{section.11.1}{\376\377\000L\000e\000c\000t\000u\000r\000e\000\040\000-\000\040\0001\0000\000/\0003\0001\000/\0002\0000\0002\0003}{chapter.11}% 74
\BOOKMARK [2][-]{subsection.11.1.1}{\376\377\000T\000r\000i\000a\000n\000g\000u\000l\000a\000r\000\040\000F\000o\000r\000m}{section.11.1}% 75
\BOOKMARK [2][-]{subsection.11.1.2}{\376\377\000D\000i\000a\000g\000o\000n\000a\000l\000\040\000F\000o\000r\000m}{section.11.1}% 76
\BOOKMARK [1][-]{section.11.2}{\376\377\000L\000e\000c\000t\000u\000r\000e\000\040\000-\000\040\0001\0001\000/\0002\000/\0002\0000\0002\0003}{chapter.11}% 77
\BOOKMARK [2][-]{subsection.11.2.1}{\376\377\000C\000o\000m\000m\000u\000t\000a\000t\000i\000v\000i\000t\000y}{section.11.2}% 78
\BOOKMARK [1][-]{section.11.3}{\376\377\000D\000i\000s\000c\000u\000s\000s\000i\000o\000n\000\040\000-\000\040\0001\0001\000/\0003\000/\0002\0000\0002\0003}{chapter.11}% 79
\BOOKMARK [2][-]{subsection.11.3.1}{\376\377\000H\000o\000w\000\040\000t\000o\000\040\000F\000i\000n\000d\000\040\000E\000i\000g\000e\000n\000v\000a\000l\000u\000e\000s\000/\000E\000i\000g\000e\000n\000v\000e\000c\000t\000o\000r\000s}{section.11.3}% 80
\BOOKMARK [2][-]{subsection.11.3.2}{\376\377\000I\000s\000\040\000i\000t\000\040\000D\000i\000a\000g\000o\000n\000a\000l\000i\000s\000a\000b\000l\000e\000?}{section.11.3}% 81
\BOOKMARK [0][-]{chapter.12}{\376\377\000I\000n\000n\000e\000r\000\040\000P\000r\000o\000d\000u\000c\000t\000s}{}% 82
\BOOKMARK [1][-]{section.12.1}{\376\377\000L\000e\000c\000t\000u\000r\000e\000\040\000-\000\040\0001\0001\000/\0007\000/\0002\0000\0002\0003}{chapter.12}% 83
\BOOKMARK [2][-]{subsection.12.1.1}{\376\377\000I\000n\000n\000e\000r\000\040\000P\000r\000o\000d\000u\000c\000t\000s}{section.12.1}% 84
\BOOKMARK [2][-]{subsection.12.1.2}{\376\377\000B\000a\000s\000i\000c\000\040\000C\000o\000n\000s\000e\000q\000u\000e\000n\000c\000e\000s}{section.12.1}% 85
\BOOKMARK [2][-]{subsection.12.1.3}{\376\377\000O\000r\000t\000h\000o\000g\000o\000n\000a\000l\000i\000t\000y}{section.12.1}% 86
\BOOKMARK [2][-]{subsection.12.1.4}{\376\377\000P\000r\000o\000j\000e\000c\000t\000i\000o\000n\000s\000\040\000\050\000O\000n\000t\000o\000\040\0001\000D\000\040\000S\000u\000b\000s\000p\000a\000c\000e\000s\000\051}{section.12.1}% 87
\BOOKMARK [1][-]{section.12.2}{\376\377\000L\000e\000c\000t\000u\000r\000e\000\040\000-\000\040\0001\0001\000/\0009\000/\0002\0000\0002\0003}{chapter.12}% 88
\BOOKMARK [2][-]{subsection.12.2.1}{\376\377\000S\000o\000m\000e\000\040\000C\000o\000r\000o\000l\000l\000a\000r\000i\000e\000s}{section.12.2}% 89
\BOOKMARK [2][-]{subsection.12.2.2}{\376\377\000T\000a\000l\000k\000s\000\040\000o\000n\000\040\000O\000r\000t\000h\000o\000g\000o\000n\000a\000l\000i\000t\000y}{section.12.2}% 90
\BOOKMARK [2][-]{subsection.12.2.3}{\376\377\000O\000r\000t\000h\000o\000r\000n\000o\000m\000a\000l\000\040\000B\000a\000s\000e\000s\000\040\000P\000r\000o\000p\000e\000r\000t\000i\000e\000s}{section.12.2}% 91
\BOOKMARK [2][-]{subsection.12.2.4}{\376\377\000C\000o\000n\000n\000e\000c\000t\000i\000o\000n\000\040\000w\000i\000t\000h\000\040\000F\000u\000n\000c\000t\000i\000o\000n\000a\000l\000s}{section.12.2}% 92
\BOOKMARK [0][-]{chapter.13}{\376\377\000M\000o\000r\000e\000\040\000I\000n\000n\000e\000r\000\040\000P\000r\000o\000d\000u\000c\000t\000s}{}% 93
\BOOKMARK [1][-]{section.13.1}{\376\377\000L\000e\000c\000t\000u\000r\000e\000\040\000-\000\040\0001\0001\000/\0001\0006\000/\0002\0000\0002\0003}{chapter.13}% 94
\BOOKMARK [2][-]{subsection.13.1.1}{\376\377\000R\000e\000c\000a\000p}{section.13.1}% 95
\BOOKMARK [2][-]{subsection.13.1.2}{\376\377\000A\000d\000j\000o\000i\000n\000t\000s}{section.13.1}% 96
\BOOKMARK [0][-]{chapter.14}{\376\377\000A\000d\000j\000o\000i\000n\000t\000s\000\040\000A\000n\000d\000\040\000S\000t\000u\000f\000f}{}% 97
\BOOKMARK [1][-]{section.14.1}{\376\377\000L\000e\000c\000t\000u\000r\000e\000\040\000-\000\040\0001\0001\000/\0002\0001\000/\0002\0000\0002\0003}{chapter.14}% 98
\BOOKMARK [2][-]{subsection.14.1.1}{\376\377\000S\000e\000l\000f\000-\000A\000d\000j\000o\000i\000n\000t\000\040\000O\000p\000e\000r\000a\000t\000o\000r\000s}{section.14.1}% 99
\BOOKMARK [0][-]{chapter.15}{\376\377\000M\000o\000r\000e\000\040\000o\000n\000\040\000O\000p\000e\000r\000a\000t\000o\000r\000s}{}% 100
\BOOKMARK [1][-]{section.15.1}{\376\377\000L\000e\000c\000t\000u\000r\000e\000\040\000-\000\040\0001\0001\000/\0002\0008\000/\0002\0000\0002\0003}{chapter.15}% 101
\BOOKMARK [2][-]{subsection.15.1.1}{\376\377\000R\000e\000c\000a\000p}{section.15.1}% 102
\BOOKMARK [2][-]{subsection.15.1.2}{\376\377\000N\000o\000n\000n\000e\000g\000a\000t\000i\000v\000e\000\040\000a\000n\000d\000\040\000P\000o\000s\000i\000t\000i\000v\000e\000\040\000O\000p\000e\000r\000a\000t\000o\000r\000s}{section.15.1}% 103
\BOOKMARK [2][-]{subsection.15.1.3}{\376\377\000S\000V\000D\000s}{section.15.1}% 104
\BOOKMARK [1][-]{section.15.2}{\376\377\000L\000e\000c\000t\000u\000r\000e\000\040\000-\000\040\0001\0001\000/\0003\0000\000/\0002\0000\0002\0003}{chapter.15}% 105
\BOOKMARK [2][-]{subsection.15.2.1}{\376\377\000I\000s\000o\000m\000e\000t\000r\000y}{section.15.2}% 106
\BOOKMARK [2][-]{subsection.15.2.2}{\376\377\000J\000o\000r\000d\000a\000n\000\040\000N\000o\000r\000m\000a\000l\000\040\000F\000o\000r\000m}{section.15.2}% 107
