This is pdfTeX, Version 3.141592653-2.6-1.40.24 (MiKTeX 23.1) (preloaded format=pdflatex 2023.1.28)  1 FEB 2023 19:28
entering extended mode
 restricted \write18 enabled.
 %&-line parsing enabled.
**./Discussions.tex
(Discussions.tex
LaTeX2e <2022-11-01> patch level 1
L3 programming layer <2023-01-24>
(C:\Users\Michael\AppData\Local\Programs\MiKTeX\tex/latex/base\book.cls
Document Class: book 2022/07/02 v1.4n Standard LaTeX document class
(C:\Users\Michael\AppData\Local\Programs\MiKTeX\tex/latex/base\bk10.clo
File: bk10.clo 2022/07/02 v1.4n Standard LaTeX file (size option)
)
\c@part=\count185
\c@chapter=\count186
\c@section=\count187
\c@subsection=\count188
\c@subsubsection=\count189
\c@paragraph=\count190
\c@subparagraph=\count191
\c@figure=\count192
\c@table=\count193
\abovecaptionskip=\skip48
\belowcaptionskip=\skip49
\bibindent=\dimen140
)
(C:\Users\Michael\AppData\Local\Programs\MiKTeX\tex/latex/amsmath\amsmath.sty
Package: amsmath 2022/04/08 v2.17n AMS math features
\@mathmargin=\skip50

For additional information on amsmath, use the `?' option.
(C:\Users\Michael\AppData\Local\Programs\MiKTeX\tex/latex/amsmath\amstext.sty
Package: amstext 2021/08/26 v2.01 AMS text

(C:\Users\Michael\AppData\Local\Programs\MiKTeX\tex/latex/amsmath\amsgen.sty
File: amsgen.sty 1999/11/30 v2.0 generic functions
\@emptytoks=\toks16
\ex@=\dimen141
))
(C:\Users\Michael\AppData\Local\Programs\MiKTeX\tex/latex/amsmath\amsbsy.sty
Package: amsbsy 1999/11/29 v1.2d Bold Symbols
\pmbraise@=\dimen142
)
(C:\Users\Michael\AppData\Local\Programs\MiKTeX\tex/latex/amsmath\amsopn.sty
Package: amsopn 2022/04/08 v2.04 operator names
)
\inf@bad=\count194
LaTeX Info: Redefining \frac on input line 234.
\uproot@=\count195
\leftroot@=\count196
LaTeX Info: Redefining \overline on input line 399.
LaTeX Info: Redefining \colon on input line 410.
\classnum@=\count197
\DOTSCASE@=\count198
LaTeX Info: Redefining \ldots on input line 496.
LaTeX Info: Redefining \dots on input line 499.
LaTeX Info: Redefining \cdots on input line 620.
\Mathstrutbox@=\box51
\strutbox@=\box52
LaTeX Info: Redefining \big on input line 722.
LaTeX Info: Redefining \Big on input line 723.
LaTeX Info: Redefining \bigg on input line 724.
LaTeX Info: Redefining \Bigg on input line 725.
\big@size=\dimen143
LaTeX Font Info:    Redeclaring font encoding OML on input line 743.
LaTeX Font Info:    Redeclaring font encoding OMS on input line 744.
\macc@depth=\count199
LaTeX Info: Redefining \bmod on input line 905.
LaTeX Info: Redefining \pmod on input line 910.
LaTeX Info: Redefining \smash on input line 940.
LaTeX Info: Redefining \relbar on input line 970.
LaTeX Info: Redefining \Relbar on input line 971.
\c@MaxMatrixCols=\count266
\dotsspace@=\muskip16
\c@parentequation=\count267
\dspbrk@lvl=\count268
\tag@help=\toks17
\row@=\count269
\column@=\count270
\maxfields@=\count271
\andhelp@=\toks18
\eqnshift@=\dimen144
\alignsep@=\dimen145
\tagshift@=\dimen146
\tagwidth@=\dimen147
\totwidth@=\dimen148
\lineht@=\dimen149
\@envbody=\toks19
\multlinegap=\skip51
\multlinetaggap=\skip52
\mathdisplay@stack=\toks20
LaTeX Info: Redefining \[ on input line 2953.
LaTeX Info: Redefining \] on input line 2954.
)
(C:\Users\Michael\AppData\Local\Programs\MiKTeX\tex/latex/amsfonts\amssymb.sty
Package: amssymb 2013/01/14 v3.01 AMS font symbols

(C:\Users\Michael\AppData\Local\Programs\MiKTeX\tex/latex/amsfonts\amsfonts.sty
Package: amsfonts 2013/01/14 v3.01 Basic AMSFonts support
\symAMSa=\mathgroup4
\symAMSb=\mathgroup5
LaTeX Font Info:    Redeclaring math symbol \hbar on input line 98.
LaTeX Font Info:    Overwriting math alphabet `\mathfrak' in version `bold'
(Font)                  U/euf/m/n --> U/euf/b/n on input line 106.
)) (C:\Users\Michael\AppData\Local\Programs\MiKTeX\tex/latex/amscls\amsthm.sty
Package: amsthm 2020/05/29 v2.20.6
\thm@style=\toks21
\thm@bodyfont=\toks22
\thm@headfont=\toks23
\thm@notefont=\toks24
\thm@headpunct=\toks25
\thm@preskip=\skip53
\thm@postskip=\skip54
\thm@headsep=\skip55
\dth@everypar=\toks26
) (C:\Users\Michael\AppData\Local\Programs\MiKTeX\tex/latex/cabin\cabin.sty
Package: cabin 2022/12/24 (Bob Tennent) Supports Cabin fonts for all LaTeX engi
nes.

(C:\Users\Michael\AppData\Local\Programs\MiKTeX\tex/generic/iftex\ifxetex.sty
Package: ifxetex 2019/10/25 v0.7 ifxetex legacy package. Use iftex instead.

(C:\Users\Michael\AppData\Local\Programs\MiKTeX\tex/generic/iftex\iftex.sty
Package: iftex 2022/02/03 v1.0f TeX engine tests
))
(C:\Users\Michael\AppData\Local\Programs\MiKTeX\tex/generic/iftex\ifluatex.sty
Package: ifluatex 2019/10/25 v1.5 ifluatex legacy package. Use iftex instead.
) (C:\Users\Michael\AppData\Local\Programs\MiKTeX\tex/latex/xkeyval\xkeyval.sty
Package: xkeyval 2022/06/16 v2.9 package option processing (HA)

(C:\Users\Michael\AppData\Local\Programs\MiKTeX\tex/generic/xkeyval\xkeyval.tex

(C:\Users\Michael\AppData\Local\Programs\MiKTeX\tex/generic/xkeyval\xkvutils.te
x
\XKV@toks=\toks27
\XKV@tempa@toks=\toks28

(C:\Users\Michael\AppData\Local\Programs\MiKTeX\tex/generic/xkeyval\keyval.tex)
)
\XKV@depth=\count272
File: xkeyval.tex 2014/12/03 v2.7a key=value parser (HA)
)) (C:\Users\Michael\AppData\Local\Programs\MiKTeX\tex/latex/base\textcomp.sty
Package: textcomp 2020/02/02 v2.0n Standard LaTeX package
) (C:\Users\Michael\AppData\Local\Programs\MiKTeX\tex/latex/base\fontenc.sty
Package: fontenc 2021/04/29 v2.0v Standard LaTeX package
)
(C:\Users\Michael\AppData\Local\Programs\MiKTeX\tex/latex/fontaxes\fontaxes.sty
Package: fontaxes 2020/07/21 v1.0e Font selection axes
LaTeX Info: Redefining \upshape on input line 29.
LaTeX Info: Redefining \itshape on input line 31.
LaTeX Info: Redefining \slshape on input line 33.
LaTeX Info: Redefining \swshape on input line 35.
LaTeX Info: Redefining \scshape on input line 37.
LaTeX Info: Redefining \sscshape on input line 39.
LaTeX Info: Redefining \ulcshape on input line 41.
LaTeX Info: Redefining \textsw on input line 47.
LaTeX Info: Redefining \textssc on input line 48.
LaTeX Info: Redefining \textulc on input line 49.
))
(C:\Users\Michael\AppData\Local\Programs\MiKTeX\tex/latex/cantarell\cantarell.s
ty
Package: cantarell 2019/06/20 Style file for Cantarell.
)
(C:\Users\Michael\AppData\Local\Programs\MiKTeX\tex/latex/enumitem\enumitem.sty
Package: enumitem 2019/06/20 v3.9 Customized lists
\enitkv@toks@=\toks29
\labelindent=\skip56
\enit@outerparindent=\dimen150
\enit@toks=\toks30
\enit@inbox=\box53
\enit@count@id=\count273
\enitdp@description=\count274
)
(C:\Users\Michael\AppData\Local\Programs\MiKTeX\tex/latex/fancyhdr\fancyhdr.sty
Package: fancyhdr 2022/11/09 v4.1 Extensive control of page headers and footers

\f@nch@headwidth=\skip57
\f@nch@O@elh=\skip58
\f@nch@O@erh=\skip59
\f@nch@O@olh=\skip60
\f@nch@O@orh=\skip61
\f@nch@O@elf=\skip62
\f@nch@O@erf=\skip63
\f@nch@O@olf=\skip64
\f@nch@O@orf=\skip65
)
(C:\Users\Michael\AppData\Local\Programs\MiKTeX\tex/latex/graphics\graphicx.sty
Package: graphicx 2021/09/16 v1.2d Enhanced LaTeX Graphics (DPC,SPQR)

(C:\Users\Michael\AppData\Local\Programs\MiKTeX\tex/latex/graphics\graphics.sty
Package: graphics 2022/03/10 v1.4e Standard LaTeX Graphics (DPC,SPQR)
(C:\Users\Michael\AppData\Local\Programs\MiKTeX\tex/latex/graphics\trig.sty
Package: trig 2021/08/11 v1.11 sin cos tan (DPC)
)
(C:\Users\Michael\AppData\Local\Programs\MiKTeX\tex/latex/graphics-cfg\graphics
.cfg
File: graphics.cfg 2016/06/04 v1.11 sample graphics configuration
)
Package graphics Info: Driver file: pdftex.def on input line 107.

(C:\Users\Michael\AppData\Local\Programs\MiKTeX\tex/latex/graphics-def\pdftex.d
ef
File: pdftex.def 2022/09/22 v1.2b Graphics/color driver for pdftex
))
\Gin@req@height=\dimen151
\Gin@req@width=\dimen152
)
(C:\Users\Michael\AppData\Local\Programs\MiKTeX\tex/latex/hyperref\hyperref.sty
Package: hyperref 2022-11-13 v7.00u Hypertext links for LaTeX

(C:\Users\Michael\AppData\Local\Programs\MiKTeX\tex/generic/ltxcmds\ltxcmds.sty
Package: ltxcmds 2020-05-10 v1.25 LaTeX kernel commands for general use (HO)
)
(C:\Users\Michael\AppData\Local\Programs\MiKTeX\tex/generic/pdftexcmds\pdftexcm
ds.sty
Package: pdftexcmds 2020-06-27 v0.33 Utility functions of pdfTeX for LuaTeX (HO
)

(C:\Users\Michael\AppData\Local\Programs\MiKTeX\tex/generic/infwarerr\infwarerr
.sty
Package: infwarerr 2019/12/03 v1.5 Providing info/warning/error messages (HO)
)
Package pdftexcmds Info: \pdf@primitive is available.
Package pdftexcmds Info: \pdf@ifprimitive is available.
Package pdftexcmds Info: \pdfdraftmode found.
)
(C:\Users\Michael\AppData\Local\Programs\MiKTeX\tex/latex/kvsetkeys\kvsetkeys.s
ty
Package: kvsetkeys 2022-10-05 v1.19 Key value parser (HO)
)
(C:\Users\Michael\AppData\Local\Programs\MiKTeX\tex/generic/kvdefinekeys\kvdefi
nekeys.sty
Package: kvdefinekeys 2019-12-19 v1.6 Define keys (HO)
)
(C:\Users\Michael\AppData\Local\Programs\MiKTeX\tex/generic/pdfescape\pdfescape
.sty
Package: pdfescape 2019/12/09 v1.15 Implements pdfTeX's escape features (HO)
)
(C:\Users\Michael\AppData\Local\Programs\MiKTeX\tex/latex/hycolor\hycolor.sty
Package: hycolor 2020-01-27 v1.10 Color options for hyperref/bookmark (HO)
)
(C:\Users\Michael\AppData\Local\Programs\MiKTeX\tex/latex/letltxmacro\letltxmac
ro.sty
Package: letltxmacro 2019/12/03 v1.6 Let assignment for LaTeX macros (HO)
)
(C:\Users\Michael\AppData\Local\Programs\MiKTeX\tex/latex/auxhook\auxhook.sty
Package: auxhook 2019-12-17 v1.6 Hooks for auxiliary files (HO)
)
(C:\Users\Michael\AppData\Local\Programs\MiKTeX\tex/latex/hyperref\nameref.sty
Package: nameref 2022-05-17 v2.50 Cross-referencing by name of section

(C:\Users\Michael\AppData\Local\Programs\MiKTeX\tex/latex/refcount\refcount.sty
Package: refcount 2019/12/15 v3.6 Data extraction from label references (HO)
)
(C:\Users\Michael\AppData\Local\Programs\MiKTeX\tex/generic/gettitlestring\gett
itlestring.sty
Package: gettitlestring 2019/12/15 v1.6 Cleanup title references (HO)

(C:\Users\Michael\AppData\Local\Programs\MiKTeX\tex/latex/kvoptions\kvoptions.s
ty
Package: kvoptions 2022-06-15 v3.15 Key value format for package options (HO)
))
\c@section@level=\count275
)
\@linkdim=\dimen153
\Hy@linkcounter=\count276
\Hy@pagecounter=\count277

(C:\Users\Michael\AppData\Local\Programs\MiKTeX\tex/latex/hyperref\pd1enc.def
File: pd1enc.def 2022-11-13 v7.00u Hyperref: PDFDocEncoding definition (HO)
Now handling font encoding PD1 ...
... no UTF-8 mapping file for font encoding PD1
)
(C:\Users\Michael\AppData\Local\Programs\MiKTeX\tex/generic/intcalc\intcalc.sty
Package: intcalc 2019/12/15 v1.3 Expandable calculations with integers (HO)
)
(C:\Users\Michael\AppData\Local\Programs\MiKTeX\tex/generic/etexcmds\etexcmds.s
ty
Package: etexcmds 2019/12/15 v1.7 Avoid name clashes with e-TeX commands (HO)
)
\Hy@SavedSpaceFactor=\count278

(C:\Users\Michael\AppData\Local\Programs\MiKTeX\tex/latex/hyperref\puenc.def
File: puenc.def 2022-11-13 v7.00u Hyperref: PDF Unicode definition (HO)
Now handling font encoding PU ...
... no UTF-8 mapping file for font encoding PU
)
Package hyperref Info: Hyper figures OFF on input line 4162.
Package hyperref Info: Link nesting OFF on input line 4167.
Package hyperref Info: Hyper index ON on input line 4170.
Package hyperref Info: Plain pages OFF on input line 4177.
Package hyperref Info: Backreferencing OFF on input line 4182.
Package hyperref Info: Implicit mode ON; LaTeX internals redefined.
Package hyperref Info: Bookmarks ON on input line 4410.
\c@Hy@tempcnt=\count279

(C:\Users\Michael\AppData\Local\Programs\MiKTeX\tex/latex/url\url.sty
\Urlmuskip=\muskip17
Package: url 2013/09/16  ver 3.4  Verb mode for urls, etc.
)
LaTeX Info: Redefining \url on input line 4748.
\XeTeXLinkMargin=\dimen154

(C:\Users\Michael\AppData\Local\Programs\MiKTeX\tex/generic/bitset\bitset.sty
Package: bitset 2019/12/09 v1.3 Handle bit-vector datatype (HO)

(C:\Users\Michael\AppData\Local\Programs\MiKTeX\tex/generic/bigintcalc\bigintca
lc.sty
Package: bigintcalc 2019/12/15 v1.5 Expandable calculations on big integers (HO
)
))
\Fld@menulength=\count280
\Field@Width=\dimen155
\Fld@charsize=\dimen156
Package hyperref Info: Hyper figures OFF on input line 6027.
Package hyperref Info: Link nesting OFF on input line 6032.
Package hyperref Info: Hyper index ON on input line 6035.
Package hyperref Info: backreferencing OFF on input line 6042.
Package hyperref Info: Link coloring OFF on input line 6047.
Package hyperref Info: Link coloring with OCG OFF on input line 6052.
Package hyperref Info: PDF/A mode OFF on input line 6057.

(C:\Users\Michael\AppData\Local\Programs\MiKTeX\tex/latex/base\atbegshi-ltx.sty
Package: atbegshi-ltx 2021/01/10 v1.0c Emulation of the original atbegshi
package with kernel methods
)
\Hy@abspage=\count281
\c@Item=\count282
\c@Hfootnote=\count283
)
Package hyperref Info: Driver (autodetected): hpdftex.

(C:\Users\Michael\AppData\Local\Programs\MiKTeX\tex/latex/hyperref\hpdftex.def
File: hpdftex.def 2022-11-13 v7.00u Hyperref driver for pdfTeX

(C:\Users\Michael\AppData\Local\Programs\MiKTeX\tex/latex/base\atveryend-ltx.st
y
Package: atveryend-ltx 2020/08/19 v1.0a Emulation of the original atveryend pac
kage
with kernel methods
)
\Fld@listcount=\count284
\c@bookmark@seq@number=\count285

(C:\Users\Michael\AppData\Local\Programs\MiKTeX\tex/latex/rerunfilecheck\rerunf
ilecheck.sty
Package: rerunfilecheck 2022-07-10 v1.10 Rerun checks for auxiliary files (HO)

(C:\Users\Michael\AppData\Local\Programs\MiKTeX\tex/generic/uniquecounter\uniqu
ecounter.sty
Package: uniquecounter 2019/12/15 v1.4 Provide unlimited unique counter (HO)
)
Package uniquecounter Info: New unique counter `rerunfilecheck' on input line 2
85.
)
\Hy@SectionHShift=\skip66
)
(C:\Users\Michael\AppData\Local\Programs\MiKTeX\tex/latex/base\inputenc.sty
Package: inputenc 2021/02/14 v1.3d Input encoding file
\inpenc@prehook=\toks31
\inpenc@posthook=\toks32
)
(C:\Users\Michael\AppData\Local\Programs\MiKTeX\tex/latex/mathtools\mathtools.s
ty
Package: mathtools 2022/06/29 v1.29 mathematical typesetting tools
 (C:\Users\Michael\AppData\Local\Programs\MiKTeX\tex/latex/tools\calc.sty
Package: calc 2017/05/25 v4.3 Infix arithmetic (KKT,FJ)
\calc@Acount=\count286
\calc@Bcount=\count287
\calc@Adimen=\dimen157
\calc@Bdimen=\dimen158
\calc@Askip=\skip67
\calc@Bskip=\skip68
LaTeX Info: Redefining \setlength on input line 80.
LaTeX Info: Redefining \addtolength on input line 81.
\calc@Ccount=\count288
\calc@Cskip=\skip69
)
(C:\Users\Michael\AppData\Local\Programs\MiKTeX\tex/latex/mathtools\mhsetup.sty
Package: mhsetup 2021/03/18 v1.4 programming setup (MH)
)
\g_MT_multlinerow_int=\count289
\l_MT_multwidth_dim=\dimen159
\origjot=\skip70
\l_MT_shortvdotswithinadjustabove_dim=\dimen160
\l_MT_shortvdotswithinadjustbelow_dim=\dimen161
\l_MT_above_intertext_sep=\dimen162
\l_MT_below_intertext_sep=\dimen163
\l_MT_above_shortintertext_sep=\dimen164
\l_MT_below_shortintertext_sep=\dimen165
\xmathstrut@box=\box54
\xmathstrut@dim=\dimen166
)
(C:\Users\Michael\AppData\Local\Programs\MiKTeX\tex/latex/mdframed\mdframed.sty
Package: mdframed 2013/07/01 1.9b: mdframed

(C:\Users\Michael\AppData\Local\Programs\MiKTeX\tex/latex/l3packages/xparse\xpa
rse.sty
(C:\Users\Michael\AppData\Local\Programs\MiKTeX\tex/latex/l3kernel\expl3.sty
Package: expl3 2023-01-24 L3 programming layer (loader) 

(C:\Users\Michael\AppData\Local\Programs\MiKTeX\tex/latex/l3backend\l3backend-p
dftex.def
File: l3backend-pdftex.def 2023-01-16 L3 backend support: PDF output (pdfTeX)
\l__color_backend_stack_int=\count290
\l__pdf_internal_box=\box55
))
Package: xparse 2023-01-16 L3 Experimental document command parser
)
(C:\Users\Michael\AppData\Local\Programs\MiKTeX\tex/latex/etoolbox\etoolbox.sty
Package: etoolbox 2020/10/05 v2.5k e-TeX tools for LaTeX (JAW)
\etb@tempcnta=\count291
)
(C:\Users\Michael\AppData\Local\Programs\MiKTeX\tex/latex/zref\zref-abspage.sty
Package: zref-abspage 2022-04-07 v2.34 Module abspage for zref (HO)
(C:\Users\Michael\AppData\Local\Programs\MiKTeX\tex/latex/zref\zref-base.sty
Package: zref-base 2022-04-07 v2.34 Module base for zref (HO)
Package zref Info: New property list: main on input line 767.
Package zref Info: New property: default on input line 768.
Package zref Info: New property: page on input line 769.
)
\c@abspage=\count292
Package zref Info: New property: abspage on input line 65.
)
(C:\Users\Michael\AppData\Local\Programs\MiKTeX\tex/latex/needspace\needspace.s
ty
Package: needspace 2010/09/12 v1.3d reserve vertical space
)
(C:\Users\Michael\AppData\Local\Programs\MiKTeX\tex/latex/graphics\color.sty
Package: color 2022/01/06 v1.3d Standard LaTeX Color (DPC)

(C:\Users\Michael\AppData\Local\Programs\MiKTeX\tex/latex/graphics-cfg\color.cf
g
File: color.cfg 2016/01/02 v1.6 sample color configuration
)
Package color Info: Driver file: pdftex.def on input line 149.

(C:\Users\Michael\AppData\Local\Programs\MiKTeX\tex/latex/graphics\mathcolor.lt
x))
\mdf@templength=\skip71
\c@mdf@globalstyle@cnt=\count293
\mdf@skipabove@length=\skip72
\mdf@skipbelow@length=\skip73
\mdf@leftmargin@length=\skip74
\mdf@rightmargin@length=\skip75
\mdf@innerleftmargin@length=\skip76
\mdf@innerrightmargin@length=\skip77
\mdf@innertopmargin@length=\skip78
\mdf@innerbottommargin@length=\skip79
\mdf@splittopskip@length=\skip80
\mdf@splitbottomskip@length=\skip81
\mdf@outermargin@length=\skip82
\mdf@innermargin@length=\skip83
\mdf@linewidth@length=\skip84
\mdf@innerlinewidth@length=\skip85
\mdf@middlelinewidth@length=\skip86
\mdf@outerlinewidth@length=\skip87
\mdf@roundcorner@length=\skip88
\mdf@footenotedistance@length=\skip89
\mdf@userdefinedwidth@length=\skip90
\mdf@needspace@length=\skip91
\mdf@frametitleaboveskip@length=\skip92
\mdf@frametitlebelowskip@length=\skip93
\mdf@frametitlerulewidth@length=\skip94
\mdf@frametitleleftmargin@length=\skip95
\mdf@frametitlerightmargin@length=\skip96
\mdf@shadowsize@length=\skip97
\mdf@extratopheight@length=\skip98
\mdf@subtitleabovelinewidth@length=\skip99
\mdf@subtitlebelowlinewidth@length=\skip100
\mdf@subtitleaboveskip@length=\skip101
\mdf@subtitlebelowskip@length=\skip102
\mdf@subtitleinneraboveskip@length=\skip103
\mdf@subtitleinnerbelowskip@length=\skip104
\mdf@subsubtitleabovelinewidth@length=\skip105
\mdf@subsubtitlebelowlinewidth@length=\skip106
\mdf@subsubtitleaboveskip@length=\skip107
\mdf@subsubtitlebelowskip@length=\skip108
\mdf@subsubtitleinneraboveskip@length=\skip109
\mdf@subsubtitleinnerbelowskip@length=\skip110

(C:\Users\Michael\AppData\Local\Programs\MiKTeX\tex/latex/pgf/frontendlayer\tik
z.sty
(C:\Users\Michael\AppData\Local\Programs\MiKTeX\tex/latex/pgf/basiclayer\pgf.st
y
(C:\Users\Michael\AppData\Local\Programs\MiKTeX\tex/latex/pgf/utilities\pgfrcs.
sty
(C:\Users\Michael\AppData\Local\Programs\MiKTeX\tex/generic/pgf/utilities\pgfut
il-common.tex
\pgfutil@everybye=\toks33
\pgfutil@tempdima=\dimen167
\pgfutil@tempdimb=\dimen168
)
(C:\Users\Michael\AppData\Local\Programs\MiKTeX\tex/generic/pgf/utilities\pgfut
il-latex.def
\pgfutil@abb=\box56
)
(C:\Users\Michael\AppData\Local\Programs\MiKTeX\tex/generic/pgf/utilities\pgfrc
s.code.tex
(C:\Users\Michael\AppData\Local\Programs\MiKTeX\tex/generic/pgf\pgf.revision.te
x)
Package: pgfrcs 2023-01-15 v3.1.10 (3.1.10)
))
Package: pgf 2023-01-15 v3.1.10 (3.1.10)

(C:\Users\Michael\AppData\Local\Programs\MiKTeX\tex/latex/pgf/basiclayer\pgfcor
e.sty
(C:\Users\Michael\AppData\Local\Programs\MiKTeX\tex/latex/pgf/systemlayer\pgfsy
s.sty
(C:\Users\Michael\AppData\Local\Programs\MiKTeX\tex/generic/pgf/systemlayer\pgf
sys.code.tex
Package: pgfsys 2023-01-15 v3.1.10 (3.1.10)

(C:\Users\Michael\AppData\Local\Programs\MiKTeX\tex/generic/pgf/utilities\pgfke
ys.code.tex
\pgfkeys@pathtoks=\toks34
\pgfkeys@temptoks=\toks35

(C:\Users\Michael\AppData\Local\Programs\MiKTeX\tex/generic/pgf/utilities\pgfke
yslibraryfiltered.code.tex
\pgfkeys@tmptoks=\toks36
))
\pgf@x=\dimen169
\pgf@y=\dimen170
\pgf@xa=\dimen171
\pgf@ya=\dimen172
\pgf@xb=\dimen173
\pgf@yb=\dimen174
\pgf@xc=\dimen175
\pgf@yc=\dimen176
\pgf@xd=\dimen177
\pgf@yd=\dimen178
\w@pgf@writea=\write3
\r@pgf@reada=\read2
\c@pgf@counta=\count294
\c@pgf@countb=\count295
\c@pgf@countc=\count296
\c@pgf@countd=\count297
\t@pgf@toka=\toks37
\t@pgf@tokb=\toks38
\t@pgf@tokc=\toks39
\pgf@sys@id@count=\count298

(C:\Users\Michael\AppData\Local\Programs\MiKTeX\tex/generic/pgf/systemlayer\pgf
.cfg
File: pgf.cfg 2023-01-15 v3.1.10 (3.1.10)
)
Driver file for pgf: pgfsys-pdftex.def

(C:\Users\Michael\AppData\Local\Programs\MiKTeX\tex/generic/pgf/systemlayer\pgf
sys-pdftex.def
File: pgfsys-pdftex.def 2023-01-15 v3.1.10 (3.1.10)

(C:\Users\Michael\AppData\Local\Programs\MiKTeX\tex/generic/pgf/systemlayer\pgf
sys-common-pdf.def
File: pgfsys-common-pdf.def 2023-01-15 v3.1.10 (3.1.10)
)))
(C:\Users\Michael\AppData\Local\Programs\MiKTeX\tex/generic/pgf/systemlayer\pgf
syssoftpath.code.tex
File: pgfsyssoftpath.code.tex 2023-01-15 v3.1.10 (3.1.10)
\pgfsyssoftpath@smallbuffer@items=\count299
\pgfsyssoftpath@bigbuffer@items=\count300
)
(C:\Users\Michael\AppData\Local\Programs\MiKTeX\tex/generic/pgf/systemlayer\pgf
sysprotocol.code.tex
File: pgfsysprotocol.code.tex 2023-01-15 v3.1.10 (3.1.10)
))
(C:\Users\Michael\AppData\Local\Programs\MiKTeX\tex/latex/xcolor\xcolor.sty
Package: xcolor 2022/06/12 v2.14 LaTeX color extensions (UK)

(C:\Users\Michael\AppData\Local\Programs\MiKTeX\tex/latex/graphics-cfg\color.cf
g
File: color.cfg 2016/01/02 v1.6 sample color configuration
)
Package xcolor Info: Driver file: pdftex.def on input line 227.
LaTeX Info: Redefining \color on input line 711.

(C:\Users\Michael\AppData\Local\Programs\MiKTeX\tex/latex/graphics\mathcolor.lt
x)
Package xcolor Info: Model `cmy' substituted by `cmy0' on input line 1353.
Package xcolor Info: Model `hsb' substituted by `rgb' on input line 1357.
Package xcolor Info: Model `RGB' extended on input line 1369.
Package xcolor Info: Model `HTML' substituted by `rgb' on input line 1371.
Package xcolor Info: Model `Hsb' substituted by `hsb' on input line 1372.
Package xcolor Info: Model `tHsb' substituted by `hsb' on input line 1373.
Package xcolor Info: Model `HSB' substituted by `hsb' on input line 1374.
Package xcolor Info: Model `Gray' substituted by `gray' on input line 1375.
Package xcolor Info: Model `wave' substituted by `hsb' on input line 1376.
)
(C:\Users\Michael\AppData\Local\Programs\MiKTeX\tex/generic/pgf/basiclayer\pgfc
ore.code.tex
Package: pgfcore 2023-01-15 v3.1.10 (3.1.10)

(C:\Users\Michael\AppData\Local\Programs\MiKTeX\tex/generic/pgf/math\pgfmath.co
de.tex
(C:\Users\Michael\AppData\Local\Programs\MiKTeX\tex/generic/pgf/math\pgfmathuti
l.code.tex)
(C:\Users\Michael\AppData\Local\Programs\MiKTeX\tex/generic/pgf/math\pgfmathpar
ser.code.tex
\pgfmath@dimen=\dimen179
\pgfmath@count=\count301
\pgfmath@box=\box57
\pgfmath@toks=\toks40
\pgfmath@stack@operand=\toks41
\pgfmath@stack@operation=\toks42
)
(C:\Users\Michael\AppData\Local\Programs\MiKTeX\tex/generic/pgf/math\pgfmathfun
ctions.code.tex)
(C:\Users\Michael\AppData\Local\Programs\MiKTeX\tex/generic/pgf/math\pgfmathfun
ctions.basic.code.tex)
(C:\Users\Michael\AppData\Local\Programs\MiKTeX\tex/generic/pgf/math\pgfmathfun
ctions.trigonometric.code.tex)
(C:\Users\Michael\AppData\Local\Programs\MiKTeX\tex/generic/pgf/math\pgfmathfun
ctions.random.code.tex)
(C:\Users\Michael\AppData\Local\Programs\MiKTeX\tex/generic/pgf/math\pgfmathfun
ctions.comparison.code.tex)
(C:\Users\Michael\AppData\Local\Programs\MiKTeX\tex/generic/pgf/math\pgfmathfun
ctions.base.code.tex)
(C:\Users\Michael\AppData\Local\Programs\MiKTeX\tex/generic/pgf/math\pgfmathfun
ctions.round.code.tex)
(C:\Users\Michael\AppData\Local\Programs\MiKTeX\tex/generic/pgf/math\pgfmathfun
ctions.misc.code.tex)
(C:\Users\Michael\AppData\Local\Programs\MiKTeX\tex/generic/pgf/math\pgfmathfun
ctions.integerarithmetics.code.tex)
(C:\Users\Michael\AppData\Local\Programs\MiKTeX\tex/generic/pgf/math\pgfmathcal
c.code.tex)
(C:\Users\Michael\AppData\Local\Programs\MiKTeX\tex/generic/pgf/math\pgfmathflo
at.code.tex
\c@pgfmathroundto@lastzeros=\count302
))
(C:\Users\Michael\AppData\Local\Programs\MiKTeX\tex/generic/pgf/math\pgfint.cod
e.tex)
(C:\Users\Michael\AppData\Local\Programs\MiKTeX\tex/generic/pgf/basiclayer\pgfc
orepoints.code.tex
File: pgfcorepoints.code.tex 2023-01-15 v3.1.10 (3.1.10)
\pgf@picminx=\dimen180
\pgf@picmaxx=\dimen181
\pgf@picminy=\dimen182
\pgf@picmaxy=\dimen183
\pgf@pathminx=\dimen184
\pgf@pathmaxx=\dimen185
\pgf@pathminy=\dimen186
\pgf@pathmaxy=\dimen187
\pgf@xx=\dimen188
\pgf@xy=\dimen189
\pgf@yx=\dimen190
\pgf@yy=\dimen191
\pgf@zx=\dimen192
\pgf@zy=\dimen193
)
(C:\Users\Michael\AppData\Local\Programs\MiKTeX\tex/generic/pgf/basiclayer\pgfc
orepathconstruct.code.tex
File: pgfcorepathconstruct.code.tex 2023-01-15 v3.1.10 (3.1.10)
\pgf@path@lastx=\dimen194
\pgf@path@lasty=\dimen195
)
(C:\Users\Michael\AppData\Local\Programs\MiKTeX\tex/generic/pgf/basiclayer\pgfc
orepathusage.code.tex
File: pgfcorepathusage.code.tex 2023-01-15 v3.1.10 (3.1.10)
\pgf@shorten@end@additional=\dimen196
\pgf@shorten@start@additional=\dimen197
)
(C:\Users\Michael\AppData\Local\Programs\MiKTeX\tex/generic/pgf/basiclayer\pgfc
orescopes.code.tex
File: pgfcorescopes.code.tex 2023-01-15 v3.1.10 (3.1.10)
\pgfpic=\box58
\pgf@hbox=\box59
\pgf@layerbox@main=\box60
\pgf@picture@serial@count=\count303
)
(C:\Users\Michael\AppData\Local\Programs\MiKTeX\tex/generic/pgf/basiclayer\pgfc
oregraphicstate.code.tex
File: pgfcoregraphicstate.code.tex 2023-01-15 v3.1.10 (3.1.10)
\pgflinewidth=\dimen198
)
(C:\Users\Michael\AppData\Local\Programs\MiKTeX\tex/generic/pgf/basiclayer\pgfc
oretransformations.code.tex
File: pgfcoretransformations.code.tex 2023-01-15 v3.1.10 (3.1.10)
\pgf@pt@x=\dimen199
\pgf@pt@y=\dimen256
\pgf@pt@temp=\dimen257
)
(C:\Users\Michael\AppData\Local\Programs\MiKTeX\tex/generic/pgf/basiclayer\pgfc
orequick.code.tex
File: pgfcorequick.code.tex 2023-01-15 v3.1.10 (3.1.10)
)
(C:\Users\Michael\AppData\Local\Programs\MiKTeX\tex/generic/pgf/basiclayer\pgfc
oreobjects.code.tex
File: pgfcoreobjects.code.tex 2023-01-15 v3.1.10 (3.1.10)
)
(C:\Users\Michael\AppData\Local\Programs\MiKTeX\tex/generic/pgf/basiclayer\pgfc
orepathprocessing.code.tex
File: pgfcorepathprocessing.code.tex 2023-01-15 v3.1.10 (3.1.10)
)
(C:\Users\Michael\AppData\Local\Programs\MiKTeX\tex/generic/pgf/basiclayer\pgfc
orearrows.code.tex
File: pgfcorearrows.code.tex 2023-01-15 v3.1.10 (3.1.10)
\pgfarrowsep=\dimen258
)
(C:\Users\Michael\AppData\Local\Programs\MiKTeX\tex/generic/pgf/basiclayer\pgfc
oreshade.code.tex
File: pgfcoreshade.code.tex 2023-01-15 v3.1.10 (3.1.10)
\pgf@max=\dimen259
\pgf@sys@shading@range@num=\count304
\pgf@shadingcount=\count305
)
(C:\Users\Michael\AppData\Local\Programs\MiKTeX\tex/generic/pgf/basiclayer\pgfc
oreimage.code.tex
File: pgfcoreimage.code.tex 2023-01-15 v3.1.10 (3.1.10)
)
(C:\Users\Michael\AppData\Local\Programs\MiKTeX\tex/generic/pgf/basiclayer\pgfc
oreexternal.code.tex
File: pgfcoreexternal.code.tex 2023-01-15 v3.1.10 (3.1.10)
\pgfexternal@startupbox=\box61
)
(C:\Users\Michael\AppData\Local\Programs\MiKTeX\tex/generic/pgf/basiclayer\pgfc
orelayers.code.tex
File: pgfcorelayers.code.tex 2023-01-15 v3.1.10 (3.1.10)
)
(C:\Users\Michael\AppData\Local\Programs\MiKTeX\tex/generic/pgf/basiclayer\pgfc
oretransparency.code.tex
File: pgfcoretransparency.code.tex 2023-01-15 v3.1.10 (3.1.10)
)
(C:\Users\Michael\AppData\Local\Programs\MiKTeX\tex/generic/pgf/basiclayer\pgfc
orepatterns.code.tex
File: pgfcorepatterns.code.tex 2023-01-15 v3.1.10 (3.1.10)
)
(C:\Users\Michael\AppData\Local\Programs\MiKTeX\tex/generic/pgf/basiclayer\pgfc
orerdf.code.tex
File: pgfcorerdf.code.tex 2023-01-15 v3.1.10 (3.1.10)
)))
(C:\Users\Michael\AppData\Local\Programs\MiKTeX\tex/generic/pgf/modules\pgfmodu
leshapes.code.tex
File: pgfmoduleshapes.code.tex 2023-01-15 v3.1.10 (3.1.10)
\pgfnodeparttextbox=\box62
)
(C:\Users\Michael\AppData\Local\Programs\MiKTeX\tex/generic/pgf/modules\pgfmodu
leplot.code.tex
File: pgfmoduleplot.code.tex 2023-01-15 v3.1.10 (3.1.10)
)
(C:\Users\Michael\AppData\Local\Programs\MiKTeX\tex/latex/pgf/compatibility\pgf
comp-version-0-65.sty
Package: pgfcomp-version-0-65 2023-01-15 v3.1.10 (3.1.10)
\pgf@nodesepstart=\dimen260
\pgf@nodesepend=\dimen261
)
(C:\Users\Michael\AppData\Local\Programs\MiKTeX\tex/latex/pgf/compatibility\pgf
comp-version-1-18.sty
Package: pgfcomp-version-1-18 2023-01-15 v3.1.10 (3.1.10)
))
(C:\Users\Michael\AppData\Local\Programs\MiKTeX\tex/latex/pgf/utilities\pgffor.
sty
(C:\Users\Michael\AppData\Local\Programs\MiKTeX\tex/latex/pgf/utilities\pgfkeys
.sty
(C:\Users\Michael\AppData\Local\Programs\MiKTeX\tex/generic/pgf/utilities\pgfke
ys.code.tex))
(C:\Users\Michael\AppData\Local\Programs\MiKTeX\tex/latex/pgf/math\pgfmath.sty
(C:\Users\Michael\AppData\Local\Programs\MiKTeX\tex/generic/pgf/math\pgfmath.co
de.tex))
(C:\Users\Michael\AppData\Local\Programs\MiKTeX\tex/generic/pgf/utilities\pgffo
r.code.tex
Package: pgffor 2023-01-15 v3.1.10 (3.1.10)
\pgffor@iter=\dimen262
\pgffor@skip=\dimen263
\pgffor@stack=\toks43
\pgffor@toks=\toks44
))
(C:\Users\Michael\AppData\Local\Programs\MiKTeX\tex/generic/pgf/frontendlayer/t
ikz\tikz.code.tex
Package: tikz 2023-01-15 v3.1.10 (3.1.10)

(C:\Users\Michael\AppData\Local\Programs\MiKTeX\tex/generic/pgf/libraries\pgfli
braryplothandlers.code.tex
File: pgflibraryplothandlers.code.tex 2023-01-15 v3.1.10 (3.1.10)
\pgf@plot@mark@count=\count306
\pgfplotmarksize=\dimen264
)
\tikz@lastx=\dimen265
\tikz@lasty=\dimen266
\tikz@lastxsaved=\dimen267
\tikz@lastysaved=\dimen268
\tikz@lastmovetox=\dimen269
\tikz@lastmovetoy=\dimen270
\tikzleveldistance=\dimen271
\tikzsiblingdistance=\dimen272
\tikz@figbox=\box63
\tikz@figbox@bg=\box64
\tikz@tempbox=\box65
\tikz@tempbox@bg=\box66
\tikztreelevel=\count307
\tikznumberofchildren=\count308
\tikznumberofcurrentchild=\count309
\tikz@fig@count=\count310

(C:\Users\Michael\AppData\Local\Programs\MiKTeX\tex/generic/pgf/modules\pgfmodu
lematrix.code.tex
File: pgfmodulematrix.code.tex 2023-01-15 v3.1.10 (3.1.10)
\pgfmatrixcurrentrow=\count311
\pgfmatrixcurrentcolumn=\count312
\pgf@matrix@numberofcolumns=\count313
)
\tikz@expandcount=\count314

(C:\Users\Michael\AppData\Local\Programs\MiKTeX\tex/generic/pgf/frontendlayer/t
ikz/libraries\tikzlibrarytopaths.code.tex
File: tikzlibrarytopaths.code.tex 2023-01-15 v3.1.10 (3.1.10)
)))
(C:\Users\Michael\AppData\Local\Programs\MiKTeX\tex/latex/mdframed\md-frame-1.m
df
File: md-frame-1.mdf 2013/07/01\ 1.9b: md-frame-1
)
\mdf@frametitlebox=\box67
\mdf@footnotebox=\box68
\mdf@splitbox@one=\box69
\mdf@splitbox@two=\box70
\mdf@splitbox@save=\box71
\mdfsplitboxwidth=\skip111
\mdfsplitboxtotalwidth=\skip112
\mdfsplitboxheight=\skip113
\mdfsplitboxdepth=\skip114
\mdfsplitboxtotalheight=\skip115
\mdfframetitleboxwidth=\skip116
\mdfframetitleboxtotalwidth=\skip117
\mdfframetitleboxheight=\skip118
\mdfframetitleboxdepth=\skip119
\mdfframetitleboxtotalheight=\skip120
\mdffootnoteboxwidth=\skip121
\mdffootnoteboxtotalwidth=\skip122
\mdffootnoteboxheight=\skip123
\mdffootnoteboxdepth=\skip124
\mdffootnoteboxtotalheight=\skip125
\mdftotallinewidth=\skip126
\mdfboundingboxwidth=\skip127
\mdfboundingboxtotalwidth=\skip128
\mdfboundingboxheight=\skip129
\mdfboundingboxdepth=\skip130
\mdfboundingboxtotalheight=\skip131
\mdf@freevspace@length=\skip132
\mdf@horizontalwidthofbox@length=\skip133
\mdf@verticalmarginwhole@length=\skip134
\mdf@horizontalspaceofbox=\skip135
\mdfsubtitleheight=\skip136
\mdfsubsubtitleheight=\skip137
\c@mdfcountframes=\count315

****** mdframed patching \endmdf@trivlist

****** -- success******

\mdf@envdepth=\count316
\c@mdf@env@i=\count317
\c@mdf@env@ii=\count318
\c@mdf@zref@counter=\count319
Package zref Info: New property: mdf@pagevalue on input line 895.
) (C:\Users\Michael\AppData\Local\Programs\MiKTeX\tex/latex/rsfso\rsfso.sty
Package: rsfso 2013/11/02 v1.01 U/rsfso (Michael Sharpe)
) (C:\Users\Michael\AppData\Local\Programs\MiKTeX\tex/latex/tasks\tasks.sty
(C:\Users\Michael\AppData\Local\Programs\MiKTeX\tex/latex/l3packages/xtemplate\
xtemplate.sty
Package: xtemplate 2023-01-16 L3 Experimental prototype document functions
\l__xtemplate_tmp_dim=\dimen273
\l__xtemplate_tmp_int=\count320
\l__xtemplate_tmp_muskip=\muskip18
\l__xtemplate_tmp_skip=\skip138
)
Package: tasks 2022/01/08 v1.4a lists with columns filled horizontally
\g__tasks_total_items_int=\count321
\l__tasks_columns_int=\count322
\g__tasks_rows_int=\count323
\g__tasks_current_col_num_int=\count324
\g__tasks_current_row_num_int=\count325
\l__tasks_item_columns_int=\count326
\g__tasks_env_int=\count327
\l__tasks_start_int=\count328
\l__tasks_item_indent_dim=\dimen274
\l__tasks_item_default_indent_dim=\dimen275
\l__tasks_item_width_dim=\dimen276
\l__tasks_label_width_dim=\dimen277
\l__tasks_label_default_width_dim=\dimen278
\l__tasks_label_offset_dim=\dimen279
\l__tasks_label_default_offset_dim=\dimen280
\l__tasks_column_sep_dim=\dimen281
\l__tasks_correction_dim=\dimen282
\l__tasks_full_width_dim=\dimen283
\l__tasks_after_item_skip=\skip139
\l__tasks_custom_after_item_skip=\skip140
\l__tasks_before_list_skip=\skip141
\l__tasks_after_list_skip=\skip142
\l__tasks_item_coffin=\box72
\l__tasks_label_coffin=\box73
\c@task=\count329
\l__tasks_tmpa_int=\count330
\l__tasks_tmpb_int=\count331
\l__tasks_tmpa_coffin=\box74
\l__tasks_tmpa_box=\box75

Package xtemplate Info: Declaring object type 'tasks' taking 3 argument(s) on
(xtemplate)             line 450.


(C:\Users\Michael\AppData\Local\Programs\MiKTeX\tex/latex/tasks\tasks.cfg))
(C:\Users\Michael\AppData\Local\Programs\MiKTeX\tex/latex/titlesec\titlesec.sty
Package: titlesec 2021/07/05 v2.14 Sectioning titles
\ttl@box=\box76
\beforetitleunit=\skip143
\aftertitleunit=\skip144
\ttl@plus=\dimen284
\ttl@minus=\dimen285
\ttl@toksa=\toks45
\titlewidth=\dimen286
\titlewidthlast=\dimen287
\titlewidthfirst=\dimen288
)
(C:\Users\Michael\AppData\Local\Programs\MiKTeX\tex/latex/thmtools\thmtools.sty
Package: thmtools 2022/06/01 v0.73
\thmt@toks=\toks46
\c@thmt@dummyctr=\count332

(C:\Users\Michael\AppData\Local\Programs\MiKTeX\tex/latex/thmtools\thm-patch.st
y
Package: thm-patch 2022/06/01 v0.73

(C:\Users\Michael\AppData\Local\Programs\MiKTeX\tex/latex/thmtools\parseargs.st
y
Package: parseargs 2022/06/01 v0.73
\@parsespec=\toks47
))
(C:\Users\Michael\AppData\Local\Programs\MiKTeX\tex/latex/thmtools\thm-kv.sty
Package: thm-kv 2022/06/01 v0.73
Package thm-kv Info: Theorem names will be uppercased on input line 42.
Package thm-kv Info: kvsetkeys patch (v1.16 or later) on input line 158.
)
(C:\Users\Michael\AppData\Local\Programs\MiKTeX\tex/latex/thmtools\thm-autoref.
sty
Package: thm-autoref 2022/06/01 v0.73

(C:\Users\Michael\AppData\Local\Programs\MiKTeX\tex/latex/thmtools\aliasctr.sty
Package: aliasctr 2022/06/01 v0.73
))
(C:\Users\Michael\AppData\Local\Programs\MiKTeX\tex/latex/thmtools\thm-listof.s
ty
Package: thm-listof 2022/06/01 v0.73
)
(C:\Users\Michael\AppData\Local\Programs\MiKTeX\tex/latex/thmtools\thm-restate.
sty
Package: thm-restate 2022/06/01 v0.73
)
(C:\Users\Michael\AppData\Local\Programs\MiKTeX\tex/latex/thmtools\thm-amsthm.s
ty
Package: thm-amsthm 2022/06/01 v0.73
\thmt@style@headstyle=\toks48
))
(C:\Users\Michael\AppData\Local\Programs\MiKTeX\tex/latex/varwidth\varwidth.sty
Package: varwidth 2009/03/30 ver 0.92;  Variable-width minipages
\@vwid@box=\box77
\sift@deathcycles=\count333
\@vwid@loff=\dimen289
\@vwid@roff=\dimen290
) (C:\Users\Michael\AppData\Local\Programs\MiKTeX\tex/latex/tools\verbatim.sty
Package: verbatim 2020-07-07 v1.5u LaTeX2e package for verbatim enhancements
\every@verbatim=\toks49
\verbatim@line=\toks50
\verbatim@in@stream=\read3
)
(C:\Users\Michael\AppData\Local\Programs\MiKTeX\tex/latex/geometry\geometry.sty
Package: geometry 2020/01/02 v5.9 Page Geometry
(C:\Users\Michael\AppData\Local\Programs\MiKTeX\tex/generic/iftex\ifvtex.sty
Package: ifvtex 2019/10/25 v1.7 ifvtex legacy package. Use iftex instead.
)
\Gm@cnth=\count334
\Gm@cntv=\count335
\c@Gm@tempcnt=\count336
\Gm@bindingoffset=\dimen291
\Gm@wd@mp=\dimen292
\Gm@odd@mp=\dimen293
\Gm@even@mp=\dimen294
\Gm@layoutwidth=\dimen295
\Gm@layoutheight=\dimen296
\Gm@layouthoffset=\dimen297
\Gm@layoutvoffset=\dimen298
\Gm@dimlist=\toks51

(C:\Users\Michael\AppData\Local\Programs\MiKTeX\tex/latex/geometry\geometry.cfg
))
Package hyperref Info: Option `colorlinks' set `true' on input line 119.
Package thmtools Info: Key `mdframed' (with value ` backgroundcolor=lightpurple
, linecolor=darkpurple, rightline=false, topline=false, bottomline=false, linew
idth=2pt, innertopmargin=8pt, innerbottommargin=8pt, innerleftmargin=8pt, leftm
argin=-2pt, skipbelow=2pt, nobreak ')
(thmtools)             is not a known style key.
(thmtools)             Will pass this to every \declaretheorem
(thmtools)             that uses `style=purplebox' on input line 140.
Package thmtools Info: Key `mdframed' (with value ` backgroundcolor=lightgreen,
 linecolor=darkgreen, rightline=false, topline=false, bottomline=false, linewid
th=2pt, innertopmargin=8pt, innerbottommargin=8pt, innerleftmargin=8pt, leftmar
gin=-2pt, skipbelow=2pt, nobreak ')
(thmtools)             is not a known style key.
(thmtools)             Will pass this to every \declaretheorem
(thmtools)             that uses `style=greenbox' on input line 159.
Package thmtools Info: Key `mdframed' (with value ` backgroundcolor=lightyellow
, linecolor=darkyellow, rightline=false, topline=false, bottomline=false, linew
idth=2pt, innertopmargin=8pt, innerbottommargin=8pt, innerleftmargin=8pt, leftm
argin=-2pt, skipbelow=2pt, nobreak ')
(thmtools)             is not a known style key.
(thmtools)             Will pass this to every \declaretheorem
(thmtools)             that uses `style=yellowbox' on input line 178.
Package thmtools Info: Key `mdframed' (with value ` backgroundcolor=lightblue, 
linecolor=darkblue, rightline=false, topline=false, bottomline=false, linewidth
=2pt, innertopmargin=8pt, innerbottommargin=8pt, innerleftmargin=8pt, leftmargi
n=-2pt, skipbelow=2pt, nobreak ')
(thmtools)             is not a known style key.
(thmtools)             Will pass this to every \declaretheorem
(thmtools)             that uses `style=bluebox' on input line 197.
Package thmtools Info: Key `mdframed' (with value ` backgroundcolor=lightred, l
inecolor=darkred, rightline=false, topline=false, bottomline=false, linewidth=2
pt, innertopmargin=8pt, innerbottommargin=8pt, innerleftmargin=8pt, leftmargin=
-2pt, skipbelow=2pt, nobreak ')
(thmtools)             is not a known style key.
(thmtools)             Will pass this to every \declaretheorem
(thmtools)             that uses `style=redbox' on input line 216.
Package thmtools Info: Automatically pulling in `thmdef-mdframed' on input line
 225.

(C:\Users\Michael\AppData\Local\Programs\MiKTeX\tex/latex/thmtools\thmdef-mdfra
med.sty
Package: thmdef-mdframed 2022/06/01 v0.73
)
\c@thm=\count337
\c@homework=\count338
\c@hw=\count339
LaTeX Font Info:    Trying to load font information for OT1+cantarell-TLF on in
put line 303.

(C:\Users\Michael\AppData\Local\Programs\MiKTeX\tex/latex/cantarell\ot1cantarel
l-tlf.fd
File: OT1cantarell-TLF.fd 2019/06/24 Font definitions for OT1/cantarell-TLF.
)
LaTeX Font Info:    Font shape `OT1/cantarell-TLF/m/n' will be
(Font)              scaled to size 10.0pt on input line 303.
 (Discussions.aux)
\openout1 = `Discussions.aux'.

LaTeX Font Info:    Checking defaults for OML/cmm/m/it on input line 303.
LaTeX Font Info:    ... okay on input line 303.
LaTeX Font Info:    Checking defaults for OMS/cmsy/m/n on input line 303.
LaTeX Font Info:    ... okay on input line 303.
LaTeX Font Info:    Checking defaults for OT1/cmr/m/n on input line 303.
LaTeX Font Info:    ... okay on input line 303.
LaTeX Font Info:    Checking defaults for T1/cmr/m/n on input line 303.
LaTeX Font Info:    ... okay on input line 303.
LaTeX Font Info:    Checking defaults for TS1/cmr/m/n on input line 303.
LaTeX Font Info:    ... okay on input line 303.
LaTeX Font Info:    Checking defaults for OMX/cmex/m/n on input line 303.
LaTeX Font Info:    ... okay on input line 303.
LaTeX Font Info:    Checking defaults for U/cmr/m/n on input line 303.
LaTeX Font Info:    ... okay on input line 303.
LaTeX Font Info:    Checking defaults for PD1/pdf/m/n on input line 303.
LaTeX Font Info:    ... okay on input line 303.
LaTeX Font Info:    Checking defaults for PU/pdf/m/n on input line 303.
LaTeX Font Info:    ... okay on input line 303.
\c@mv@tabular=\count340
\c@mv@boldtabular=\count341

(C:\Users\Michael\AppData\Local\Programs\MiKTeX\tex/context/base/mkii\supp-pdf.
mkii
[Loading MPS to PDF converter (version 2006.09.02).]
\scratchcounter=\count342
\scratchdimen=\dimen299
\scratchbox=\box78
\nofMPsegments=\count343
\nofMParguments=\count344
\everyMPshowfont=\toks52
\MPscratchCnt=\count345
\MPscratchDim=\dimen300
\MPnumerator=\count346
\makeMPintoPDFobject=\count347
\everyMPtoPDFconversion=\toks53
)
(C:\Users\Michael\AppData\Local\Programs\MiKTeX\tex/latex/epstopdf-pkg\epstopdf
-base.sty
Package: epstopdf-base 2020-01-24 v2.11 Base part for package epstopdf
Package epstopdf-base Info: Redefining graphics rule for `.eps' on input line 4
85.

(C:\Users\Michael\AppData\Local\Programs\MiKTeX\tex/latex/00miktex\epstopdf-sys
.cfg
File: epstopdf-sys.cfg 2021/03/18 v2.0 Configuration of epstopdf for MiKTeX
))
Package hyperref Info: Link coloring ON on input line 303.
 (Discussions.out) (Discussions.out)
\@outlinefile=\write4
\openout4 = `Discussions.out'.


*geometry* driver: auto-detecting
*geometry* detected driver: pdftex
*geometry* verbose mode - [ preamble ] result:
* driver: pdftex
* paper: <default>
* layout: <same size as paper>
* layoutoffset:(h,v)=(0.0pt,0.0pt)
* modes: twoside 
* h-part:(L,W,R)=(72.26999pt, 469.75502pt, 72.26999pt)
* v-part:(T,H,B)=(72.26999pt, 650.43001pt, 72.26999pt)
* \paperwidth=614.295pt
* \paperheight=794.96999pt
* \textwidth=469.75502pt
* \textheight=650.43001pt
* \oddsidemargin=0.0pt
* \evensidemargin=0.0pt
* \topmargin=-30.06749pt
* \headheight=15.0pt
* \headsep=18.06749pt
* \topskip=10.0pt
* \footskip=25.29494pt
* \marginparwidth=125.0pt
* \marginparsep=7.0pt
* \columnsep=10.0pt
* \skip\footins=9.0pt plus 4.0pt minus 2.0pt
* \hoffset=0.0pt
* \voffset=0.0pt
* \mag=1000
* \@twocolumnfalse
* \@twosidetrue
* \@mparswitchtrue
* \@reversemarginfalse
* (1in=72.27pt=25.4mm, 1cm=28.453pt)

LaTeX Font Info:    Font shape `OT1/cantarell-TLF/m/n' will be
(Font)              scaled to size 17.28pt on input line 304.
LaTeX Font Info:    Font shape `OT1/cantarell-TLF/m/n' will be
(Font)              scaled to size 12.0pt on input line 304.
LaTeX Font Info:    Trying to load font information for U+msa on input line 304
.
(C:\Users\Michael\AppData\Local\Programs\MiKTeX\tex/latex/amsfonts\umsa.fd
File: umsa.fd 2013/01/14 v3.01 AMS symbols A
)
LaTeX Font Info:    Trying to load font information for U+msb on input line 304
.

(C:\Users\Michael\AppData\Local\Programs\MiKTeX\tex/latex/amsfonts\umsb.fd
File: umsb.fd 2013/01/14 v3.01 AMS symbols B
)
[1


{C:/Users/Michael/AppData/Local/MiKTeX/fonts/map/pdftex/pdftex.map}]
LaTeX Font Info:    Trying to load font information for OT1+Cabin-TLF on input 
line 304.

(C:\Users\Michael\AppData\Local\Programs\MiKTeX\tex/latex/cabin\ot1cabin-tlf.fd
File: OT1Cabin-TLF.fd 2020/07/15 (autoinst) Font definitions for OT1/Cabin-TLF.

)
LaTeX Font Info:    Font shape `OT1/Cabin-TLF/m/n' aliased to
(Font)              `OT1/Cabin-TLF/regular/n' on input line 304.
LaTeX Font Info:    Font shape `OT1/Cabin-TLF/regular/n' will be
(Font)              scaled to size 10.0pt on input line 304.
LaTeX Font Info:    Font shape `OT1/Cabin-TLF/m/n' aliased to
(Font)              `OT1/Cabin-TLF/regular/n' on input line 304.
LaTeX Font Info:    Font shape `OT1/Cabin-TLF/regular/n' will be
(Font)              scaled to size 24.88pt on input line 304.
LaTeX Font Info:    Font shape `OT1/Cabin-TLF/m/sc' aliased to
(Font)              `OT1/Cabin-TLF/regular/sc' on input line 304.
LaTeX Font Info:    Font shape `OT1/Cabin-TLF/regular/sc' will be
(Font)              scaled to size 24.88pt on input line 304.
LaTeX Font Info:    Font shape `OT1/Cabin-TLF/b/sc' aliased to
(Font)              `OT1/Cabin-TLF/bold/sc' on input line 304.
LaTeX Font Info:    Font shape `OT1/Cabin-TLF/bold/sc' will be
(Font)              scaled to size 24.88pt on input line 304.
 (Discussions.toc
LaTeX Font Info:    Font shape `OT1/cantarell-TLF/b/n' will be
(Font)              scaled to size 10.0pt on input line 1.
)
\tf@toc=\write5
\openout5 = `Discussions.toc'.

 [2

]
Chapter 1.
LaTeX Font Info:    Font shape `OT1/Cabin-TLF/m/n' aliased to
(Font)              `OT1/Cabin-TLF/regular/n' on input line 306.
LaTeX Font Info:    Font shape `OT1/Cabin-TLF/regular/n' will be
(Font)              scaled to size 17.28pt on input line 306.
LaTeX Font Info:    Font shape `OT1/Cabin-TLF/m/sc' aliased to
(Font)              `OT1/Cabin-TLF/regular/sc' on input line 306.
LaTeX Font Info:    Font shape `OT1/Cabin-TLF/regular/sc' will be
(Font)              scaled to size 17.28pt on input line 306.
[3

]
Chapter 2.
LaTeX Font Info:    Font shape `OT1/cantarell-TLF/m/n' will be
(Font)              scaled to size 14.4pt on input line 313.
LaTeX Font Info:    Font shape `OT1/cantarell-TLF/b/n' will be
(Font)              scaled to size 14.4pt on input line 313.
Package mdframed Info: mdframed works in twoside mode on input line 316.
Package mdframed Info: mdframed detected package amsthm 
 changed the theorem header of amsthm
(mdframed)              on input line 316.
Package hyperref Info: bookmark level for unknown hw defaults to 0 on input lin
e 316.
LaTeX Font Info:    Font shape `OT1/cantarell-TLF/m/it' in size <10> not availa
ble
(Font)              Font shape `OT1/cantarell-TLF/m/sl' tried instead on input 
line 318.
LaTeX Font Info:    Font shape `OT1/cantarell-TLF/m/sl' will be
(Font)              scaled to size 10.0pt on input line 318.
LaTeX Font Info:    Font shape `OT1/cantarell-TLF/m/n' will be
(Font)              scaled to size 7.0pt on input line 328.
LaTeX Font Info:    Font shape `OT1/cantarell-TLF/m/n' will be
(Font)              scaled to size 5.0pt on input line 328.
Package mdframed Info: mdframed works in twoside mode on input line 350.
Package mdframed Info: mdframed detected package amsthm 
 changed the theorem header of amsthm
(mdframed)              on input line 350.
[4

]
Package mdframed Info: mdframed works in twoside mode on input line 354.
Package mdframed Info: mdframed detected package amsthm 
 changed the theorem header of amsthm
(mdframed)              on input line 354.
Package hyperref Info: bookmark level for unknown lem defaults to 0 on input li
ne 354.
Package mdframed Info: mdframed works in twoside mode on input line 360.
Package mdframed Info: mdframed detected package amsthm 
 changed the theorem header of amsthm
(mdframed)              on input line 360.
Package mdframed Info: mdframed works in twoside mode on input line 387.
Package mdframed Info: mdframed detected package amsthm 
 changed the theorem header of amsthm
(mdframed)              on input line 387.
Package mdframed Info: mdframed works in twoside mode on input line 390.
Package mdframed Info: mdframed detected package amsthm 
 changed the theorem header of amsthm
(mdframed)              on input line 390.
Package hyperref Info: bookmark level for unknown thm defaults to 0 on input li
ne 390.
 [5]
Package mdframed Info: mdframed works in twoside mode on input line 413.
Package mdframed Info: mdframed detected package amsthm 
 changed the theorem header of amsthm
(mdframed)              on input line 413.
Package hyperref Info: bookmark level for unknown rmk defaults to 0 on input li
ne 413.
Package mdframed Info: mdframed works in twoside mode on input line 419.
Package mdframed Info: mdframed detected package amsthm 
 changed the theorem header of amsthm
(mdframed)              on input line 419.
Package mdframed Info: mdframed works in twoside mode on input line 438.
Package mdframed Info: mdframed detected package amsthm 
 changed the theorem header of amsthm
(mdframed)              on input line 438.
 [6]
Package mdframed Info: mdframed works in twoside mode on input line 464.
Package mdframed Info: mdframed detected package amsthm 
 changed the theorem header of amsthm
(mdframed)              on input line 464.
 [7]
Chapter 3.
Package mdframed Info: mdframed works in twoside mode on input line 495.
Package mdframed Info: mdframed detected package amsthm 
 changed the theorem header of amsthm
(mdframed)              on input line 495.
Package mdframed Info: mdframed works in twoside mode on input line 522.
Package mdframed Info: mdframed detected package amsthm 
 changed the theorem header of amsthm
(mdframed)              on input line 522.
[8

]
Package mdframed Info: mdframed works in twoside mode on input line 538.
Package mdframed Info: mdframed detected package amsthm 
 changed the theorem header of amsthm
(mdframed)              on input line 538.
Package mdframed Info: mdframed works in twoside mode on input line 567.
Package mdframed Info: mdframed detected package amsthm 
 changed the theorem header of amsthm
(mdframed)              on input line 567.
Package mdframed Info: mdframed works in twoside mode on input line 575.
Package mdframed Info: mdframed detected package amsthm 
 changed the theorem header of amsthm
(mdframed)              on input line 575.
 [9]
Package mdframed Info: mdframed works in twoside mode on input line 608.
Package mdframed Info: mdframed detected package amsthm 
 changed the theorem header of amsthm
(mdframed)              on input line 608.
 [10]
Chapter 4.
Package mdframed Info: mdframed works in twoside mode on input line 634.
Package mdframed Info: mdframed detected package amsthm 
 changed the theorem header of amsthm
(mdframed)              on input line 634.
Package mdframed Info: mdframed works in twoside mode on input line 671.
Package mdframed Info: mdframed detected package amsthm 
 changed the theorem header of amsthm
(mdframed)              on input line 671.
[11

]
Package mdframed Info: mdframed works in twoside mode on input line 688.
Package mdframed Info: mdframed detected package amsthm 
 changed the theorem header of amsthm
(mdframed)              on input line 688.
Package mdframed Info: mdframed works in twoside mode on input line 696.
Package mdframed Info: mdframed detected package amsthm 
 changed the theorem header of amsthm
(mdframed)              on input line 696.
Package mdframed Info: mdframed works in twoside mode on input line 707.
Package mdframed Info: mdframed detected package amsthm 
 changed the theorem header of amsthm
(mdframed)              on input line 707.
Package mdframed Info: mdframed works in twoside mode on input line 713.
Package mdframed Info: mdframed detected package amsthm 
 changed the theorem header of amsthm
(mdframed)              on input line 713.
Package mdframed Info: mdframed works in twoside mode on input line 719.
Package mdframed Info: mdframed detected package amsthm 
 changed the theorem header of amsthm
(mdframed)              on input line 719.
Package mdframed Info: mdframed works in twoside mode on input line 725.
Package mdframed Info: mdframed detected package amsthm 
 changed the theorem header of amsthm
(mdframed)              on input line 725.
 [12]
Package mdframed Info: mdframed works in twoside mode on input line 734.
Package mdframed Info: mdframed detected package amsthm 
 changed the theorem header of amsthm
(mdframed)              on input line 734.
Package mdframed Info: mdframed works in twoside mode on input line 740.
Package mdframed Info: mdframed detected package amsthm 
 changed the theorem header of amsthm
(mdframed)              on input line 740.
Package mdframed Info: mdframed works in twoside mode on input line 746.
Package mdframed Info: mdframed detected package amsthm 
 changed the theorem header of amsthm
(mdframed)              on input line 746.
 [13]
Chapter 5.
[14

] (Discussions.aux)
Package rerunfilecheck Info: File `Discussions.out' has not changed.
(rerunfilecheck)             Checksum: 3D0C5F0C8BECA8D50CEB825456C12B1B;2523.
 ) 
Here is how much of TeX's memory you used:
 26110 strings out of 476375
 499418 string characters out of 5788031
 1871299 words of memory out of 5000000
 45896 multiletter control sequences out of 15000+600000
 539473 words of font info for 81 fonts, out of 8000000 for 9000
 1141 hyphenation exceptions out of 8191
 109i,13n,127p,549b,988s stack positions out of 10000i,1000n,20000p,200000b,200000s
{C:/Users/Michael/AppData/Local/Programs/MiKTeX/fonts/enc/dvips/cantarell/a_d
r4czt.enc}{C:/Users/Michael/AppData/Local/Programs/MiKTeX/fonts/enc/dvips/cabin
/cbn_vqopxp.enc}{C:/Users/Michael/AppData/Local/Programs/MiKTeX/fonts/enc/dvips
/cantarell/a_imucfy.enc}<C:/Users/Michael/AppData/Local/Programs/MiKTeX/fonts/t
ype1/impallari/cabin/Cabin-Bold.pfb><C:/Users/Michael/AppData/Local/Programs/Mi
KTeX/fonts/type1/impallari/cabin/Cabin-Regular.pfb><C:/Users/Michael/AppData/Lo
cal/Programs/MiKTeX/fonts/type1/gnome/cantarell/Cantarell-Bold.pfb><C:/Users/Mi
chael/AppData/Local/Programs/MiKTeX/fonts/type1/gnome/cantarell/Cantarell-Regul
ar.pfb><C:/Users/Michael/AppData/Local/Programs/MiKTeX/fonts/type1/gnome/cantar
ell/Cantarell-Regular.pfb><C:/Users/Michael/AppData/Local/Programs/MiKTeX/fonts
/type1/public/amsfonts/cm/cmex10.pfb><C:/Users/Michael/AppData/Local/Programs/M
iKTeX/fonts/type1/public/amsfonts/cm/cmmi10.pfb><C:/Users/Michael/AppData/Local
/Programs/MiKTeX/fonts/type1/public/amsfonts/cm/cmmi5.pfb><C:/Users/Michael/App
Data/Local/Programs/MiKTeX/fonts/type1/public/amsfonts/cm/cmmi7.pfb><C:/Users/M
ichael/AppData/Local/Programs/MiKTeX/fonts/type1/public/amsfonts/cm/cmr10.pfb><
C:/Users/Michael/AppData/Local/Programs/MiKTeX/fonts/type1/public/amsfonts/cm/c
mr5.pfb><C:/Users/Michael/AppData/Local/Programs/MiKTeX/fonts/type1/public/amsf
onts/cm/cmr7.pfb><C:/Users/Michael/AppData/Local/Programs/MiKTeX/fonts/type1/pu
blic/amsfonts/cm/cmsy10.pfb><C:/Users/Michael/AppData/Local/Programs/MiKTeX/fon
ts/type1/public/amsfonts/cm/cmsy7.pfb><C:/Users/Michael/AppData/Local/Programs/
MiKTeX/fonts/type1/public/amsfonts/symbols/msam10.pfb><C:/Users/Michael/AppData
/Local/Programs/MiKTeX/fonts/type1/public/amsfonts/symbols/msbm10.pfb>
Output written on Discussions.pdf (14 pages, 272199 bytes).
PDF statistics:
 342 PDF objects out of 1000 (max. 8388607)
 107 named destinations out of 1000 (max. 500000)
 165 words of extra memory for PDF output out of 10000 (max. 10000000)

