\BOOKMARK [0][-]{chapter*.1}{\376\377\000C\000o\000n\000t\000e\000n\000t\000s}{}% 1
\BOOKMARK [0][-]{chapter.1}{\376\377\000A\000n\000\040\000I\000n\000t\000r\000o\000d\000u\000c\000t\000i\000o\000n}{}% 2
\BOOKMARK [1][-]{section.1.1}{\376\377\000R\000e\000q\000u\000i\000r\000e\000d\000\040\000R\000e\000a\000d\000i\000n\000g\000\040\040\023\000\040\000D\000o\000\040\000A\000r\000t\000i\000f\000a\000c\000t\000s\000\040\000h\000a\000v\000e\000\040\000P\000o\000l\000i\000t\000i\000c\000s\000?}{chapter.1}% 3
\BOOKMARK [2][-]{subsection.1.1.1}{\376\377\000A\000\040\000B\000r\000i\000e\000f\000\040\000O\000v\000e\000r\000v\000i\000e\000w}{section.1.1}% 4
\BOOKMARK [2][-]{subsection.1.1.2}{\376\377\000T\000e\000c\000h\000n\000i\000c\000a\000l\000\040\000A\000r\000r\000a\000n\000g\000e\000m\000e\000n\000t\000s\000\040\000a\000s\000\040\000a\000\040\000F\000o\000r\000m\000\040\000o\000f\000\040\000O\000r\000d\000e\000r}{section.1.1}% 5
\BOOKMARK [3][-]{section*.2}{\376\377\000T\000h\000e\000\040\000L\000o\000n\000g\000\040\000I\000s\000l\000a\000n\000d\000\040\000B\000r\000i\000d\000g\000e\000s}{subsection.1.1.2}% 6
\BOOKMARK [3][-]{example.1.1}{\376\377\000F\000u\000r\000t\000h\000e\000r\000\040\000E\000x\000a\000m\000p\000l\000e\000s}{subsection.1.1.2}% 7
\BOOKMARK [3][-]{example.1.3}{\376\377\000I\000n\000d\000u\000s\000t\000r\000i\000a\000l\000\040\000M\000e\000c\000h\000a\000n\000i\000s\000a\000t\000i\000o\000n}{subsection.1.1.2}% 8
\BOOKMARK [3][-]{example.1.4}{\376\377\000P\000u\000b\000l\000i\000c\000\040\000T\000r\000a\000n\000s\000p\000o\000r\000t\000a\000t\000i\000o\000n}{subsection.1.1.2}% 9
\BOOKMARK [3][-]{example.1.5}{\376\377\000T\000h\000e\000\040\000M\000e\000c\000h\000a\000n\000i\000c\000a\000l\000\040\000T\000o\000m\000a\000t\000o\000\040\000H\000a\000r\000v\000e\000s\000t\000e\000r\000s}{subsection.1.1.2}% 10
\BOOKMARK [3][-]{example.1.6}{\376\377\000I\000m\000p\000o\000r\000t\000a\000n\000t\000\040\000C\000h\000o\000i\000c\000e\000s}{subsection.1.1.2}% 11
\BOOKMARK [2][-]{subsection.1.1.3}{\376\377\000I\000n\000h\000e\000r\000e\000n\000t\000l\000y\000\040\000P\000o\000l\000i\000t\000i\000c\000a\000l\000\040\000T\000e\000c\000h\000n\000o\000l\000o\000g\000i\000e\000s}{section.1.1}% 12
\BOOKMARK [3][-]{section*.3}{\376\377\000T\000e\000c\000h\000n\000o\000l\000o\000g\000y\000\040\000a\000n\000d\000\040\000A\000u\000t\000h\000o\000r\000i\000t\000y}{subsection.1.1.3}% 13
\BOOKMARK [3][-]{example.1.9}{\376\377\000T\000h\000e\000\040\000T\000w\000o\000\040\000C\000l\000a\000i\000m\000s}{subsection.1.1.3}% 14
\BOOKMARK [3][-]{example.1.9}{\376\377\000S\000o\000m\000e\000\040\000E\000x\000a\000m\000p\000l\000e\000s}{subsection.1.1.3}% 15
\BOOKMARK [1][-]{section.1.2}{\376\377\000L\000e\000c\000t\000u\000r\000e\000\040\040\023\000\040\0008\000/\0002\0008\000/\0002\0000\0002\0004}{chapter.1}% 16
\BOOKMARK [2][-]{subsection.1.2.1}{\376\377\000C\000o\000u\000r\000s\000e\000\040\000I\000n\000f\000o\000r\000m\000a\000t\000i\000o\000n}{section.1.2}% 17
\BOOKMARK [2][-]{subsection.1.2.2}{\376\377\000W\000i\000n\000n\000e\000r\000'\000s\000\040\000E\000s\000s\000a\000y}{section.1.2}% 18
\BOOKMARK [3][-]{section*.4}{\376\377\000A\000n\000a\000l\000y\000z\000i\000n\000g\000\040\000Q\000u\000o\000t\000e\000s}{subsection.1.2.2}% 19
\BOOKMARK [3][-]{section*.4}{\376\377\000T\000h\000e\000\040\000H\000u\000m\000a\000n\000\040\000C\000o\000n\000t\000e\000x\000t\000s\000\040\000a\000n\000d\000\040\000E\000t\000h\000i\000c\000s\000\040\000T\000o\000o\000l\000k\000i\000t}{subsection.1.2.2}% 20
\BOOKMARK [1][-]{section.1.3}{\376\377\000R\000e\000q\000u\000i\000r\000e\000d\000\040\000R\000e\000a\000d\000i\000n\000g\000\040\040\023\000\040\000I\000n\000t\000r\000o\000d\000u\000c\000t\000o\000r\000y\000\040\000E\000s\000s\000a\000y\000:\000\040\000T\000h\000e\000\040\000S\000o\000c\000i\000a\000l\000\040\000S\000h\000a\000p\000i\000n\000g\000\040\000o\000f\000\040\000T\000e\000c\000h\000n\000o\000l\000o\000g\000y}{chapter.1}% 21
\BOOKMARK [2][-]{subsection.1.3.1}{\376\377\000T\000e\000c\000h\000n\000o\000l\000o\000g\000i\000c\000a\000l\000\040\000D\000e\000t\000e\000r\000m\000i\000n\000i\000s\000m\000\040\000a\000s\000\040\000a\000\040\000T\000h\000e\000o\000r\000y\000\040\000o\000f\000\040\000S\000o\000c\000i\000e\000t\000y}{section.1.3}% 22
\BOOKMARK [3][-]{example.1.16}{\376\377\000A\000\040\000C\000a\000l\000l\000b\000a\000c\000k\000\040\000t\000o\000\040\000W\000i\000n\000n\000e\000r\000'\000s\000\040\000E\000s\000s\000a\000y}{subsection.1.3.1}% 23
\BOOKMARK [2][-]{subsection.1.3.2}{\376\377\000T\000e\000c\000h\000n\000o\000l\000o\000g\000i\000c\000a\000l\000\040\000D\000e\000t\000e\000r\000m\000i\000n\000i\000s\000m\000\040\000a\000s\000\040\000a\000\040\000T\000h\000e\000o\000r\000y\000\040\000o\000f\000\040\000T\000e\000c\000h\000n\000o\000l\000o\000g\000y}{section.1.3}% 24
\BOOKMARK [3][-]{section*.5}{\376\377\000T\000h\000e\000\040\000D\000a\000n\000g\000e\000r\000s\000\040\000o\000f\000\040\000t\000h\000i\000s\000\040\000M\000i\000s\000t\000a\000k\000e}{subsection.1.3.2}% 25
\BOOKMARK [2][-]{subsection.1.3.3}{\376\377\000D\000o\000e\000s\000\040\000S\000c\000i\000e\000n\000c\000e\000\040\000S\000h\000a\000p\000e\000\040\000T\000e\000c\000h\000n\000o\000l\000o\000g\000y\000?}{section.1.3}% 26
\BOOKMARK [1][-]{section.1.4}{\376\377\000L\000e\000c\000t\000u\000r\000e\000\040\040\023\000\040\0008\000/\0003\0000\000/\0002\0000\0002\0004}{chapter.1}% 27
\BOOKMARK [2][-]{subsection.1.4.1}{\376\377\000T\000h\000e\000\040\000D\000a\000t\000a\000f\000i\000e\000d\000\040\000W\000o\000r\000l\000d}{section.1.4}% 28
\BOOKMARK [2][-]{subsection.1.4.2}{\376\377\000T\000e\000c\000h\000n\000o\000l\000o\000g\000i\000c\000a\000l\000\040\000D\000e\000t\000e\000r\000m\000i\000n\000i\000s\000m}{section.1.4}% 29
\BOOKMARK [2][-]{subsection.1.4.3}{\376\377\000A\000l\000t\000e\000r\000n\000a\000t\000i\000v\000e\000\040\000N\000a\000r\000r\000a\000t\000i\000v\000e\000s}{section.1.4}% 30
\BOOKMARK [2][-]{subsection.1.4.4}{\376\377\000A\000n\000\040\000E\000x\000a\000m\000p\000l\000e}{section.1.4}% 31
\BOOKMARK [0][-]{chapter.2}{\376\377\000W\000e\000e\000k\000\040\000T\000w\000o\000\040\000W\000o\000e\000s}{}% 32
\BOOKMARK [1][-]{section.2.1}{\376\377\000R\000e\000q\000u\000i\000r\000e\000d\000\040\000R\000e\000a\000d\000i\000n\000g\000\040\040\023\000\040\000S\000o\000r\000t\000i\000n\000g\000\040\000T\000h\000i\000n\000g\000s\000\040\000O\000u\000t\000:\000\040\000C\000l\000a\000s\000s\000i\000f\000i\000c\000a\000t\000i\000o\000n\000\040\000a\000n\000d\000\040\000I\000t\000s\000\040\000C\000o\000n\000s\000e\000q\000u\000e\000n\000c\000e\000s}{chapter.2}% 33
\BOOKMARK [2][-]{subsection.2.1.1}{\376\377\000I\000n\000t\000r\000o\000d\000u\000c\000t\000i\000o\000n}{section.2.1}% 34
\BOOKMARK [2][-]{subsection.2.1.2}{\376\377\000C\000a\000t\000e\000g\000o\000r\000i\000e\000s\000\040\000a\000s\000\040\000S\000u\000b\000j\000e\000c\000t\000s\000\040\000o\000f\000\040\000C\000o\000n\000t\000e\000n\000t\000i\000o\000n}{section.2.1}% 35
\BOOKMARK [2][-]{subsection.2.1.3}{\376\377\000T\000h\000e\000\040\000M\000a\000i\000n\000\040\000I\000d\000e\000a}{section.2.1}% 36
\BOOKMARK [2][-]{subsection.2.1.4}{\376\377\000T\000h\000e\000\040\000D\000a\000n\000g\000e\000r\000s\000\040\000o\000f\000\040\000C\000l\000a\000s\000s\000i\000f\000i\000c\000a\000t\000i\000o\000n}{section.2.1}% 37
\BOOKMARK [2][-]{subsection.2.1.5}{\376\377\000W\000o\000r\000k\000i\000n\000g\000\040\000I\000n\000f\000r\000a\000s\000t\000r\000u\000c\000t\000u\000r\000e}{section.2.1}% 38
\BOOKMARK [2][-]{subsection.2.1.6}{\376\377\000C\000l\000a\000s\000s\000i\000f\000i\000c\000a\000t\000i\000o\000n}{section.2.1}% 39
\BOOKMARK [3][-]{Item.11}{\376\377\000C\000l\000a\000s\000s\000i\000f\000i\000c\000a\000t\000i\000o\000n\000\040\000v\000e\000r\000s\000u\000s\000\040\000N\000o\000m\000e\000n\000c\000l\000a\000t\000u\000r\000e}{subsection.2.1.6}% 40
\BOOKMARK [1][-]{section.2.2}{\376\377\000L\000e\000c\000t\000u\000r\000e\000\040\040\023\000\040\0009\000/\0004\000/\0002\0000\0002\0004}{chapter.2}% 41
\BOOKMARK [2][-]{subsection.2.2.1}{\376\377\000M\000a\000k\000i\000n\000g\000\040\000D\000a\000t\000a}{section.2.2}% 42
\BOOKMARK [2][-]{subsection.2.2.2}{\376\377\000D\000a\000t\000a\000\040\000a\000n\000d\000\040\000P\000o\000w\000e\000r}{section.2.2}% 43
\BOOKMARK [2][-]{subsection.2.2.3}{\376\377\000R\000e\000p\000r\000e\000s\000e\000n\000t\000a\000t\000i\000o\000n}{section.2.2}% 44
\BOOKMARK [3][-]{section*.6}{\376\377\000W\000h\000y\000\040\000d\000o\000e\000s\000\040\000i\000t\000\040\000M\000a\000t\000t\000e\000r\000?}{subsection.2.2.3}% 45
\BOOKMARK [2][-]{subsection.2.2.4}{\376\377\000W\000h\000a\000t\000\040\000C\000o\000u\000n\000t\000s\000?}{section.2.2}% 46
\BOOKMARK [1][-]{section.2.3}{\376\377\000R\000e\000q\000u\000i\000r\000e\000d\000\040\000R\000e\000a\000d\000i\000n\000g\000\040\040\023\000\040\000I\000n\000f\000o\000r\000m\000a\000t\000i\000o\000n\000a\000l\000\040\000P\000e\000r\000s\000o\000n\000s\000\040\000a\000n\000d\000\040\000O\000u\000r\000\040\000I\000n\000f\000o\000r\000m\000a\000t\000i\000o\000n\000\040\000P\000o\000l\000i\000t\000i\000c\000s}{chapter.2}% 47
\BOOKMARK [2][-]{subsection.2.3.1}{\376\377\000I\000n\000f\000o\000r\000m\000a\000t\000i\000o\000n\000a\000l\000\040\000P\000e\000r\000s\000o\000n\000s}{section.2.3}% 48
\BOOKMARK [3][-]{example.2.8}{\376\377\0001\0009\000t\000h\000\040\000C\000e\000n\000t\000u\000r\000y\000\040\000D\000e\000t\000o\000u\000r}{subsection.2.3.1}% 49
\BOOKMARK [3][-]{example.2.8}{\376\377\0002\0000\000t\000h\000\040\000C\000e\000n\000t\000u\000r\000y}{subsection.2.3.1}% 50
\BOOKMARK [3][-]{example.2.8}{\376\377\000T\000h\000e\000\040\000P\000r\000e\000s\000e\000n\000t\000\040\000D\000a\000y}{subsection.2.3.1}% 51
\BOOKMARK [3][-]{example.2.8}{\376\377\000D\000a\000t\000a}{subsection.2.3.1}% 52
\BOOKMARK [1][-]{section.2.4}{\376\377\000R\000e\000q\000u\000i\000r\000e\000d\000\040\000R\000e\000a\000d\000i\000n\000g\000\040\040\023\000\040\000C\000o\000d\000e\000d\000\040\000E\000x\000p\000o\000s\000u\000r\000e}{chapter.2}% 53
\BOOKMARK [2][-]{subsection.2.4.1}{\376\377\000T\000e\000c\000h\000n\000o\000l\000o\000g\000y\000\040\000a\000n\000d\000\040\000R\000a\000c\000i\000s\000m}{section.2.4}% 54
\BOOKMARK [2][-]{subsection.2.4.2}{\376\377\000M\000u\000l\000t\000i\000p\000l\000y\000\040\000E\000x\000p\000o\000s\000e\000d}{section.2.4}% 55
\BOOKMARK [3][-]{section*.7}{\376\377\000P\000h\000o\000t\000o\000g\000r\000a\000p\000h\000y}{subsection.2.4.2}% 56
\BOOKMARK [3][-]{section*.7}{\376\377\000R\000a\000c\000i\000s\000m}{subsection.2.4.2}% 57
\BOOKMARK [2][-]{subsection.2.4.3}{\376\377\000E\000x\000p\000o\000s\000i\000n\000g\000\040\000W\000h\000i\000t\000e\000n\000e\000s\000s}{section.2.4}% 58
\BOOKMARK [3][-]{section*.8}{\376\377\000K\000o\000d\000a\000k}{subsection.2.4.3}% 59
\BOOKMARK [3][-]{section*.8}{\376\377\000P\000o\000l\000a\000r\000o\000i\000d}{subsection.2.4.3}% 60
\BOOKMARK [3][-]{section*.8}{\376\377\000H\000P\000\040\000C\000a\000m\000e\000r\000a\000s}{subsection.2.4.3}% 61
\BOOKMARK [3][-]{section*.8}{\376\377\000T\000e\000c\000n\000o\000\040\000M\000o\000b\000i\000l\000e}{subsection.2.4.3}% 62
\BOOKMARK [2][-]{subsection.2.4.4}{\376\377\000E\000x\000p\000o\000s\000i\000n\000g\000\040\000D\000i\000f\000f\000e\000r\000e\000n\000c\000e}{section.2.4}% 63
\BOOKMARK [1][-]{section.2.5}{\376\377\000L\000e\000c\000t\000u\000r\000e\000\040\040\023\000\040\0009\000/\0006\000/\0002\0000\0002\0004}{chapter.2}% 64
\BOOKMARK [2][-]{subsection.2.5.1}{\376\377\000W\000h\000a\000t\000'\000s\000\040\000t\000h\000i\000s\000\040\000l\000e\000c\000t\000u\000r\000e\000\040\000f\000o\000r\000?}{section.2.5}% 65
\BOOKMARK [2][-]{subsection.2.5.2}{\376\377\000P\000e\000r\000s\000o\000n\000a\000l\000\040\000D\000a\000t\000a}{section.2.5}% 66
\BOOKMARK [2][-]{subsection.2.5.3}{\376\377\000C\000a\000s\000e\000\040\000S\000t\000u\000d\000y\000:\000\040\000C\000o\000o\000r\000d\000i\000n\000a\000t\000e\000d\000\040\000E\000n\000t\000r\000y\000\040\000S\000y\000s\000t\000e\000m\000\040\000\050\000C\000E\000S\000\051\000\040\000f\000o\000r\000\040\000t\000h\000e\000\040\000U\000n\000h\000o\000u\000s\000e\000d\000,\000\040\000L\000A}{section.2.5}% 67
\BOOKMARK [3][-]{section*.9}{\376\377\000R\000e\000p\000r\000e\000s\000e\000n\000t\000a\000t\000i\000o\000n}{subsection.2.5.3}% 68
\BOOKMARK [3][-]{section*.9}{\376\377\000C\000l\000a\000s\000s\000i\000f\000i\000c\000a\000t\000i\000o\000n}{subsection.2.5.3}% 69
\BOOKMARK [3][-]{section*.9}{\376\377\000A\000b\000s\000t\000r\000a\000c\000t\000i\000o\000n}{subsection.2.5.3}% 70
\BOOKMARK [3][-]{example.2.10}{\376\377\000C\000i\000r\000c\000u\000l\000a\000t\000i\000o\000n}{subsection.2.5.3}% 71
\BOOKMARK [2][-]{subsection.2.5.4}{\376\377\0002\0003\000\040\000a\000n\000d\000\040\000M\000e}{section.2.5}% 72
\BOOKMARK [2][-]{subsection.2.5.5}{\376\377\000S\000t\000a\000k\000e\000\040\000o\000f\000\040\000R\000e\000p\000r\000e\000s\000e\000n\000t\000a\000t\000i\000o\000n}{section.2.5}% 73
\BOOKMARK [3][-]{section*.10}{\376\377\000A\000l\000l\000o\000c\000a\000t\000i\000v\000e\000\040\000a\000n\000d\000\040\000R\000e\000p\000r\000e\000s\000e\000n\000t\000a\000t\000i\000o\000n\000a\000l\000\040\000H\000a\000r\000m}{subsection.2.5.5}% 74
\BOOKMARK [0][-]{chapter.3}{\376\377\000T\000h\000e\000\040\000Y\000a\000p\000p\000e\000r\000\040\000S\000t\000r\000i\000k\000e\000s\000\040\000B\000a\000c\000k}{}% 75
\BOOKMARK [1][-]{section.3.1}{\376\377\000L\000e\000c\000t\000u\000r\000e\000\040\040\023\000\040\0009\000/\0009\000/\0002\0000\0002\0004}{chapter.3}% 76
\BOOKMARK [2][-]{subsection.3.1.1}{\376\377\000T\000h\000e\000\040\000T\000r\000i\000n\000i\000t\000y\000\040\000T\000e\000s\000t}{section.3.1}% 77
\BOOKMARK [2][-]{subsection.3.1.2}{\376\377\000B\000i\000g\000\040\000S\000c\000i\000e\000n\000c\000e}{section.3.1}% 78
\BOOKMARK [2][-]{subsection.3.1.3}{\376\377\000P\000r\000o\000f\000e\000s\000s\000i\000o\000n\000a\000l\000\040\000H\000i\000s\000t\000o\000r\000y\000\040\000o\000f\000\040\000S\000c\000i\000e\000n\000c\000e}{section.3.1}% 79
\BOOKMARK [2][-]{subsection.3.1.4}{\376\377\000G\000r\000e\000a\000t\000\040\000M\000e\000n\000\040\000N\000a\000r\000r\000a\000t\000i\000v\000e\000s}{section.3.1}% 80
\BOOKMARK [2][-]{subsection.3.1.5}{\376\377\000S\000c\000i\000e\000n\000c\000e\000\040\000i\000n\000\040\000t\000h\000e\000\040\000P\000r\000e\000s\000e\000n\000t\000\040\000D\000a\000y}{section.3.1}% 81
\BOOKMARK [2][-]{subsection.3.1.6}{\376\377\000P\000h\000i\000l\000o\000s\000o\000p\000h\000i\000e\000s\000\040\000o\000f\000\040\000S\000c\000i\000e\000n\000c\000e}{section.3.1}% 82
\BOOKMARK [3][-]{section*.11}{\376\377\000L\000o\000g\000i\000c\000a\000l\000\040\000P\000o\000s\000i\000t\000i\000v\000i\000s\000m\000\040\000\050\0001\0009\0002\0000\000s\000\040\000-\000\040\0001\0009\0006\0000\000s\000\051}{subsection.3.1.6}% 83
\BOOKMARK [3][-]{example.3.2}{\376\377\000F\000a\000l\000s\000i\000f\000i\000c\000a\000t\000i\000o\000n\000i\000s\000m\000\040\000\050\0001\0009\0003\0000\000s\000\040\000-\000\040\0001\0009\0007\0000\000s\000\051}{subsection.3.1.6}% 84
\BOOKMARK [3][-]{rmk.3.4}{\376\377\000L\000i\000m\000i\000t\000s}{subsection.3.1.6}% 85
\BOOKMARK [2][-]{subsection.3.1.7}{\376\377\000T\000h\000e\000\040\000C\000o\000p\000e\000r\000n\000i\000c\000a\000n\000\040\000R\000e\000v\000o\000l\000u\000t\000i\000o\000n}{section.3.1}% 86
\BOOKMARK [2][-]{subsection.3.1.8}{\376\377\000T\000h\000o\000m\000a\000s\000\040\000K\000u\000h\000n}{section.3.1}% 87
\BOOKMARK [1][-]{section.3.2}{\376\377\000L\000e\000c\000t\000u\000r\000e\000\040\040\023\000\040\0009\000/\0001\0001\000/\0002\0000\0002\0004}{chapter.3}% 88
\BOOKMARK [2][-]{subsection.3.2.1}{\376\377\000T\000w\000o\000\040\000P\000a\000r\000a\000l\000l\000e\000l\000\040\000N\000a\000r\000r\000a\000t\000i\000v\000e\000s}{section.3.2}% 89
\BOOKMARK [3][-]{section*.12}{\376\377\000R\000i\000s\000e\000\040\000o\000f\000\040\000Q\000u\000a\000n\000t\000i\000f\000i\000c\000a\000t\000i\000o\000n\000\040\000i\000n\000\040\000S\000c\000i\000e\000n\000c\000e}{subsection.3.2.1}% 90
\BOOKMARK [3][-]{example.3.8}{\376\377\000O\000b\000j\000e\000c\000t\000i\000v\000i\000t\000y}{subsection.3.2.1}% 91
\BOOKMARK [3][-]{example.3.8}{\376\377\000V\000a\000r\000i\000e\000t\000i\000e\000s\000\040\000o\000f\000\040\000O\000b\000j\000e\000c\000t\000i\000v\000i\000t\000y}{subsection.3.2.1}% 92
\BOOKMARK [3][-]{example.3.8}{\376\377\000O\000b\000j\000e\000c\000t\000i\000v\000i\000t\000y\000\040\000a\000n\000d\000\040\000t\000h\000e\000\040\000L\000a\000w}{subsection.3.2.1}% 93
\BOOKMARK [3][-]{example.3.8}{\376\377\000T\000h\000e\000\040\000C\000o\000n\000n\000e\000c\000t\000i\000o\000n}{subsection.3.2.1}% 94
\BOOKMARK [3][-]{example.3.8}{\376\377\000Q\000u\000a\000n\000t\000i\000f\000i\000c\000a\000t\000i\000o\000n\000\040\000a\000n\000d\000\040\000P\000o\000l\000i\000t\000i\000c\000s\000\040\000i\000n\000\040\000t\000h\000e\000\040\000F\000r\000e\000n\000c\000h\000\040\000R\000e\000v\000o\000l\000u\000t\000i\000o\000n}{subsection.3.2.1}% 95
\BOOKMARK [3][-]{example.3.8}{\376\377\000D\000e\000m\000o\000c\000r\000a\000c\000y\000\040\000a\000n\000d\000\040\000Q\000u\000a\000n\000t\000i\000f\000i\000c\000a\000t\000i\000o\000n}{subsection.3.2.1}% 96
\BOOKMARK [2][-]{subsection.3.2.2}{\376\377\000C\000o\000n\000c\000l\000u\000s\000i\000o\000n}{section.3.2}% 97
\BOOKMARK [1][-]{section.3.3}{\376\377\000L\000e\000c\000t\000u\000r\000e\000\040\040\023\000\040\000.\000.\000.}{chapter.3}% 98
\BOOKMARK [0][-]{chapter.4}{\376\377\000W\000e\000e\000k\000\040\000F\000o\000r\000\040\000S\000u\000f\000f\000e\000r\000i\000n\000g}{}% 99
\BOOKMARK [1][-]{section.4.1}{\376\377\000L\000e\000c\000t\000u\000r\000e\000\040\040\023\000\040\0009\000/\0001\0006\000/\0002\0000\0002\0004}{chapter.4}% 100
\BOOKMARK [2][-]{subsection.4.1.1}{\376\377\000W\000h\000a\000t\000\040\000i\000s\000\040\000a\000\040\000N\000a\000r\000r\000a\000t\000i\000v\000e\000?}{section.4.1}% 101
\BOOKMARK [3][-]{section*.13}{\376\377\000W\000o\000r\000k\000\040\000t\000h\000a\000t\000\040\000N\000a\000r\000r\000a\000t\000i\000v\000e\000s\000\040\000A\000c\000c\000o\000m\000p\000l\000i\000s\000h}{subsection.4.1.1}% 102
\BOOKMARK [3][-]{section*.13}{\376\377\000N\000a\000r\000r\000a\000t\000i\000v\000e\000s\000\040\000o\000n\000\040\000a\000\040\000S\000o\000c\000i\000e\000t\000a\000l\000\040\000L\000e\000v\000e\000l}{subsection.4.1.1}% 103
\BOOKMARK [2][-]{subsection.4.1.2}{\376\377\000F\000u\000t\000u\000r\000i\000n\000g}{section.4.1}% 104
\BOOKMARK [3][-]{section*.14}{\376\377\000D\000a\000t\000a\000\040\000T\000e\000c\000h\000n\000o\000l\000o\000g\000i\000e\000s\000\040\000a\000n\000d\000\040\000t\000h\000e\000\040\000F\000u\000t\000u\000r\000e}{subsection.4.1.2}% 105
\BOOKMARK [3][-]{section*.14}{\376\377\000N\000a\000r\000r\000a\000t\000i\000v\000e\000\040\000T\000e\000m\000p\000l\000a\000t\000e\000s}{subsection.4.1.2}% 106
\BOOKMARK [3][-]{section*.14}{\376\377\000A\000r\000t\000i\000f\000i\000c\000i\000a\000l\000\040\000I\000n\000t\000e\000l\000l\000i\000g\000e\000n\000c\000e}{subsection.4.1.2}% 107
